[2018-04-07 12:46:38.555735] [info] SELECT * FROM page WHERE url = :url
[2018-04-07 12:46:38.700546] [info] SELECT * FROM users WHERE is_active = 1 ORDER BY fname ASC
[2018-04-07 12:46:38.710393] [info] SELECT * FROM users WHERE uid = :userId
[2018-04-07 12:46:38.717845] [info] SELECT * FROM users WHERE uid = :userId
[2018-04-07 12:46:38.726530] [info] SELECT * FROM users WHERE uid = :userId
[2018-04-07 12:46:38.734110] [info] SELECT * FROM users WHERE uid = :userId
[2018-04-07 12:46:38.742007] [info] SELECT * FROM users WHERE uid = :userId
[2018-04-07 12:46:38.749547] [info] SELECT * FROM users WHERE uid = :userId
[2018-04-07 12:46:38.756799] [info] SELECT * FROM users WHERE uid = :userId
[2018-04-07 12:46:38.768461] [info] SELECT * FROM users WHERE uid = :userId
[2018-04-07 12:46:38.776617] [info] SELECT * FROM users WHERE uid = :userId
[2018-04-07 12:46:38.821656] [info] SELECT * FROM uploads WHERE upload_id = :uploadId
[2018-04-07 12:46:38.829845] [info] SELECT * FROM uploads WHERE upload_id = :uploadId
[2018-04-07 12:46:38.837641] [info] SELECT * FROM uploads WHERE upload_id = :uploadId
[2018-04-07 12:46:38.845710] [info] SELECT * FROM uploads WHERE upload_id = :uploadId
[2018-04-07 12:46:38.859476] [info] SELECT * FROM post_tag WHERE post_id = :postId
[2018-04-07 12:46:38.875582] [info] SELECT * FROM post_tag WHERE post_id = :postId
[2018-04-07 12:46:38.891900] [info] SELECT * FROM comments WHERE com_id = :commentId
[2018-04-07 12:46:38.912821] [info] SELECT * FROM post_tag WHERE post_id = :postId
[2018-04-07 12:46:38.924634] [info] SELECT * FROM uploads WHERE upload_id = :uploadId
[2018-04-07 12:46:38.931894] [info] SELECT * FROM uploads WHERE upload_id = :uploadId
[2018-04-07 12:46:38.939279] [info] SELECT * FROM uploads WHERE upload_id = :uploadId
[2018-04-07 12:46:38.948138] [info] SELECT * FROM uploads WHERE upload_id = :uploadId
[2018-04-07 12:46:38.955518] [info] SELECT * FROM uploads WHERE upload_id = :uploadId
[2018-04-07 12:46:38.963124] [info] SELECT * FROM uploads WHERE upload_id = :uploadId
[2018-04-07 12:46:38.970865] [info] SELECT * FROM uploads WHERE upload_id = :uploadId
[2018-04-07 12:46:38.984824] [info] SELECT * FROM post_tag WHERE post_id = :postId
[2018-04-07 12:46:38.995223] [info] SELECT * FROM uploads WHERE upload_id = :uploadId
[2018-04-07 12:46:39.002291] [info] SELECT * FROM uploads WHERE upload_id = :uploadId
[2018-04-07 12:46:39.010545] [info] SELECT * FROM uploads WHERE upload_id = :uploadId
[2018-04-07 12:46:39.017616] [info] SELECT * FROM uploads WHERE upload_id = :uploadId
[2018-04-07 12:46:39.026571] [info] SELECT * FROM uploads WHERE upload_id = :uploadId
[2018-04-07 12:46:39.034029] [info] SELECT * FROM uploads WHERE upload_id = :uploadId
[2018-04-07 12:46:39.042629] [info] SELECT * FROM uploads WHERE upload_id = :uploadId
[2018-04-07 12:46:39.050622] [info] SELECT * FROM uploads WHERE upload_id = :uploadId
[2018-04-07 12:46:39.059684] [info] SELECT * FROM uploads WHERE upload_id = :uploadId
[2018-04-07 12:46:39.067006] [info] SELECT * FROM uploads WHERE upload_id = :uploadId
[2018-04-07 12:46:39.074472] [info] SELECT * FROM uploads WHERE upload_id = :uploadId
[2018-04-07 12:46:39.083898] [info] SELECT * FROM users WHERE uid = :userId
[2018-04-07 12:46:39.119239] [info] SELECT * FROM rating WHERE post_id = :postId ORDER BY date_added DESC
[2018-04-07 12:46:39.137542] [info] SELECT * FROM post_tag WHERE post_id = :postId
[2018-04-07 12:46:39.148148] [info] SELECT * FROM rating WHERE post_id = :postId ORDER BY date_added DESC
[2018-04-07 12:46:39.164491] [info] SELECT * FROM post_tag WHERE post_id = :postId
[2018-04-07 12:46:39.174988] [info] SELECT * FROM rating WHERE post_id = :postId ORDER BY date_added DESC
[2018-04-07 12:46:39.195522] [info] SELECT * FROM post_tag WHERE post_id = :postId
[2018-04-07 12:46:39.206286] [info] SELECT * FROM rating WHERE post_id = :postId ORDER BY date_added DESC
[2018-04-07 12:46:39.220006] [info] SELECT * FROM post_tag WHERE post_id = :postId
[2018-04-07 12:46:39.231720] [info] SELECT * FROM users WHERE uid = :userId
[2018-04-07 12:46:39.244595] [info] SELECT * FROM page_follower WHERE page_id = :pageId
[2018-04-07 12:46:39.252619] [info] SELECT * FROM users WHERE uid = :userId
[2018-04-07 12:46:39.904521] [info] SELECT * FROM users WHERE uid = :userId
[2018-04-07 12:46:39.922307] [info] SELECT * FROM groups WHERE group_id = :groupId
[2018-04-07 12:46:39.931879] [info] SELECT * FROM groups WHERE group_id = :groupId
[2018-04-07 12:46:55.569211] [info] SELECT * FROM page WHERE url = :url
[2018-04-07 12:46:55.594707] [info] SELECT * FROM users WHERE uid = :userId
[2018-04-07 12:46:55.595629] [info] DELETE FROM page_follower WHERE user_id = :userId AND page_id = :pageId;
[2018-04-07 12:47:01.337234] [info] SELECT * FROM page WHERE url = :url
[2018-04-07 12:47:01.361915] [info] SELECT * FROM users WHERE uid = :userId
[2018-04-07 12:47:01.473748] [info] INSERT INTO page_follower (user_id, page_id, date_created) VALUES (:user_id, :page_id, :date_created);
[2018-04-07 12:47:01.473886] [info] {":user_id":"1",":page_id":"12",":date_created":"2018-04-07 12:47:01"}
