[2018-04-07 20:08:52.797148] [info] SELECT * FROM users WHERE uid = :userId
[2018-04-07 20:08:52.876063] [info] INSERT INTO event_member (user_id, event_id) VALUES (:user_id, :event_id);
[2018-04-07 20:08:52.876238] [info] {":user_id":"2 ",":event_id":"18"}
[2018-04-07 20:08:52.928653] [info] INSERT INTO notifications (date_added, message, user_id, has_read) VALUES (:date_added, :message, :user_id, :has_read);
[2018-04-07 20:08:52.928811] [info] {":date_added":"2018-04-07 20:08:52",":message":"You have received an invitation to an event",":user_id":"2 ",":has_read":0}
[2018-04-07 20:08:52.935698] [info] SELECT * FROM users WHERE uid = :userId
[2018-04-07 20:08:53.008956] [info] INSERT INTO event_member (user_id, event_id) VALUES (:user_id, :event_id);
[2018-04-07 20:08:53.009072] [info] {":user_id":"3 ",":event_id":"18"}
[2018-04-07 20:08:53.230824] [info] INSERT INTO notifications (date_added, message, user_id, has_read) VALUES (:date_added, :message, :user_id, :has_read);
[2018-04-07 20:08:53.230979] [info] {":date_added":"2018-04-07 20:08:53",":message":"You have received an invitation to an event",":user_id":"3 ",":has_read":0}
[2018-04-07 20:08:53.239067] [info] SELECT * FROM users WHERE uid = :userId
[2018-04-07 20:08:53.308517] [info] INSERT INTO event_member (user_id, event_id) VALUES (:user_id, :event_id);
[2018-04-07 20:08:53.308661] [info] {":user_id":"4 ",":event_id":"18"}
[2018-04-07 20:08:53.408539] [info] INSERT INTO notifications (date_added, message, user_id, has_read) VALUES (:date_added, :message, :user_id, :has_read);
[2018-04-07 20:08:53.408746] [info] {":date_added":"2018-04-07 20:08:53",":message":"You have received an invitation to an event",":user_id":"4 ",":has_read":0}
[2018-04-07 20:09:03.658520] [info] SELECT * FROM users WHERE uid = :userId
[2018-04-07 20:09:03.660231] [info] SELECT * FROM event_member WHERE user_id = :userId AND event_id = :eventId
[2018-04-07 20:09:07.546318] [info] SELECT * FROM event_member WHERE status = :status AND event_id = :eventId
[2018-04-07 20:09:07.554785] [info] SELECT * FROM users WHERE uid = :userId
[2018-04-07 20:09:07.565361] [info] SELECT * FROM users WHERE uid = :userId
[2018-04-07 20:09:07.574158] [info] SELECT * FROM users WHERE uid = :userId
[2018-04-07 20:09:11.117429] [info] SELECT * FROM event_member WHERE status = :status AND event_id = :eventId
[2018-04-07 20:09:11.127506] [info] SELECT * FROM users WHERE uid = :userId
[2018-04-07 20:14:11.834883] [info] SELECT * FROM page WHERE url = :url
[2018-04-07 20:14:12.067493] [error] Backtrace from warning 'Undefined offset: 0' at C:\xampp\htdocs\blab\app\models\Location.php 158: C:\xampp\htdocs\blab\public\index.php 96 calling handle() | <unknown file> <unknown line> calling dispatch() | <unknown file> <unknown line> calling indexAction() | C:\xampp\htdocs\blab\app\controllers\PageController.php 143 calling getLocationForAddress()
[2018-04-07 20:14:12.658406] [info] SELECT * FROM users WHERE is_active = 1 ORDER BY fname ASC
[2018-04-07 20:14:12.667413] [info] SELECT * FROM users WHERE uid = :userId
[2018-04-07 20:14:12.674841] [info] SELECT * FROM users WHERE uid = :userId
[2018-04-07 20:14:12.682517] [info] SELECT * FROM users WHERE uid = :userId
[2018-04-07 20:14:12.689851] [info] SELECT * FROM users WHERE uid = :userId
[2018-04-07 20:14:12.697424] [info] SELECT * FROM users WHERE uid = :userId
[2018-04-07 20:14:12.705315] [info] SELECT * FROM users WHERE uid = :userId
[2018-04-07 20:14:12.712347] [info] SELECT * FROM users WHERE uid = :userId
[2018-04-07 20:14:12.723279] [info] SELECT * FROM users WHERE uid = :userId
[2018-04-07 20:14:12.731811] [info] SELECT * FROM users WHERE uid = :userId
[2018-04-07 20:14:12.820908] [info] SELECT * FROM uploads WHERE upload_id = :uploadId
[2018-04-07 20:14:12.828110] [info] SELECT * FROM uploads WHERE upload_id = :uploadId
[2018-04-07 20:14:12.835218] [info] SELECT * FROM uploads WHERE upload_id = :uploadId
[2018-04-07 20:14:12.842189] [info] SELECT * FROM uploads WHERE upload_id = :uploadId
[2018-04-07 20:14:12.854263] [info] SELECT * FROM post_tag WHERE post_id = :postId
[2018-04-07 20:14:12.868256] [info] SELECT * FROM post_tag WHERE post_id = :postId
[2018-04-07 20:14:12.883780] [info] SELECT * FROM comments WHERE com_id = :commentId
[2018-04-07 20:14:12.929883] [info] SELECT * FROM post_tag WHERE post_id = :postId
[2018-04-07 20:14:12.939166] [info] SELECT * FROM uploads WHERE upload_id = :uploadId
[2018-04-07 20:14:12.946530] [info] SELECT * FROM uploads WHERE upload_id = :uploadId
[2018-04-07 20:14:12.954197] [info] SELECT * FROM uploads WHERE upload_id = :uploadId
[2018-04-07 20:14:12.961431] [info] SELECT * FROM uploads WHERE upload_id = :uploadId
[2018-04-07 20:14:12.968888] [info] SELECT * FROM uploads WHERE upload_id = :uploadId
[2018-04-07 20:14:12.976124] [info] SELECT * FROM uploads WHERE upload_id = :uploadId
[2018-04-07 20:14:12.983910] [info] SELECT * FROM uploads WHERE upload_id = :uploadId
[2018-04-07 20:14:12.995141] [info] SELECT * FROM post_tag WHERE post_id = :postId
[2018-04-07 20:14:13.005495] [info] SELECT * FROM uploads WHERE upload_id = :uploadId
[2018-04-07 20:14:13.013981] [info] SELECT * FROM uploads WHERE upload_id = :uploadId
[2018-04-07 20:14:13.021236] [info] SELECT * FROM uploads WHERE upload_id = :uploadId
[2018-04-07 20:14:13.028351] [info] SELECT * FROM uploads WHERE upload_id = :uploadId
[2018-04-07 20:14:13.035883] [info] SELECT * FROM uploads WHERE upload_id = :uploadId
[2018-04-07 20:14:13.043447] [info] SELECT * FROM uploads WHERE upload_id = :uploadId
[2018-04-07 20:14:13.050888] [info] SELECT * FROM uploads WHERE upload_id = :uploadId
[2018-04-07 20:14:13.058197] [info] SELECT * FROM uploads WHERE upload_id = :uploadId
[2018-04-07 20:14:13.068090] [info] SELECT * FROM uploads WHERE upload_id = :uploadId
[2018-04-07 20:14:13.076260] [info] SELECT * FROM uploads WHERE upload_id = :uploadId
[2018-04-07 20:14:13.084717] [info] SELECT * FROM uploads WHERE upload_id = :uploadId
[2018-04-07 20:14:13.093857] [info] SELECT * FROM users WHERE uid = :userId
[2018-04-07 20:14:13.127229] [info] SELECT * FROM rating WHERE post_id = :postId ORDER BY date_added DESC
[2018-04-07 20:14:13.141588] [info] SELECT * FROM post_tag WHERE post_id = :postId
[2018-04-07 20:14:13.150876] [info] SELECT * FROM rating WHERE post_id = :postId ORDER BY date_added DESC
[2018-04-07 20:14:13.166254] [info] SELECT * FROM post_tag WHERE post_id = :postId
[2018-04-07 20:14:13.175098] [info] SELECT * FROM rating WHERE post_id = :postId ORDER BY date_added DESC
[2018-04-07 20:14:13.190368] [info] SELECT * FROM post_tag WHERE post_id = :postId
[2018-04-07 20:14:13.199732] [info] SELECT * FROM rating WHERE post_id = :postId ORDER BY date_added DESC
[2018-04-07 20:14:13.210257] [info] SELECT * FROM post_tag WHERE post_id = :postId
[2018-04-07 20:14:13.221781] [info] SELECT * FROM users WHERE uid = :userId
[2018-04-07 20:14:13.236074] [info] SELECT * FROM page_follower WHERE page_id = :pageId
[2018-04-07 20:14:13.244760] [info] SELECT * FROM users WHERE uid = :userId
[2018-04-07 20:14:13.349472] [info] SELECT * FROM page WHERE url = :url
[2018-04-07 20:14:13.618546] [error] Backtrace from warning 'Undefined offset: 0' at C:\xampp\htdocs\blab\app\models\Location.php 158: C:\xampp\htdocs\blab\public\index.php 96 calling handle() | <unknown file> <unknown line> calling dispatch() | <unknown file> <unknown line> calling indexAction() | C:\xampp\htdocs\blab\app\controllers\PageController.php 143 calling getLocationForAddress()
[2018-04-07 20:14:14.210448] [info] SELECT * FROM users WHERE is_active = 1 ORDER BY fname ASC
[2018-04-07 20:14:14.219144] [info] SELECT * FROM users WHERE uid = :userId
[2018-04-07 20:14:14.227838] [info] SELECT * FROM users WHERE uid = :userId
[2018-04-07 20:14:14.234798] [info] SELECT * FROM users WHERE uid = :userId
[2018-04-07 20:14:14.242456] [info] SELECT * FROM users WHERE uid = :userId
[2018-04-07 20:14:14.249438] [info] SELECT * FROM users WHERE uid = :userId
[2018-04-07 20:14:14.256776] [info] SELECT * FROM users WHERE uid = :userId
[2018-04-07 20:14:14.264081] [info] SELECT * FROM users WHERE uid = :userId
[2018-04-07 20:14:14.274535] [info] SELECT * FROM users WHERE uid = :userId
[2018-04-07 20:14:14.281460] [info] SELECT * FROM users WHERE uid = :userId
[2018-04-07 20:14:14.321783] [info] SELECT * FROM uploads WHERE upload_id = :uploadId
[2018-04-07 20:14:14.331106] [info] SELECT * FROM uploads WHERE upload_id = :uploadId
[2018-04-07 20:14:14.339653] [info] SELECT * FROM uploads WHERE upload_id = :uploadId
[2018-04-07 20:14:14.348001] [info] SELECT * FROM uploads WHERE upload_id = :uploadId
[2018-04-07 20:14:14.362656] [info] SELECT * FROM post_tag WHERE post_id = :postId
[2018-04-07 20:14:14.379336] [info] SELECT * FROM post_tag WHERE post_id = :postId
[2018-04-07 20:14:14.395574] [info] SELECT * FROM comments WHERE com_id = :commentId
[2018-04-07 20:14:14.416608] [info] SELECT * FROM post_tag WHERE post_id = :postId
[2018-04-07 20:14:14.429176] [info] SELECT * FROM uploads WHERE upload_id = :uploadId
[2018-04-07 20:14:14.439277] [info] SELECT * FROM uploads WHERE upload_id = :uploadId
[2018-04-07 20:14:14.449433] [info] SELECT * FROM uploads WHERE upload_id = :uploadId
[2018-04-07 20:14:14.462548] [info] SELECT * FROM uploads WHERE upload_id = :uploadId
[2018-04-07 20:14:14.476001] [info] SELECT * FROM uploads WHERE upload_id = :uploadId
[2018-04-07 20:14:14.487863] [info] SELECT * FROM uploads WHERE upload_id = :uploadId
[2018-04-07 20:14:14.499154] [info] SELECT * FROM uploads WHERE upload_id = :uploadId
[2018-04-07 20:14:14.517545] [info] SELECT * FROM post_tag WHERE post_id = :postId
[2018-04-07 20:14:14.530812] [info] SELECT * FROM uploads WHERE upload_id = :uploadId
[2018-04-07 20:14:14.541336] [info] SELECT * FROM uploads WHERE upload_id = :uploadId
[2018-04-07 20:14:14.553030] [info] SELECT * FROM uploads WHERE upload_id = :uploadId
[2018-04-07 20:14:14.564588] [info] SELECT * FROM uploads WHERE upload_id = :uploadId
[2018-04-07 20:14:14.578064] [info] SELECT * FROM uploads WHERE upload_id = :uploadId
[2018-04-07 20:14:14.590372] [info] SELECT * FROM uploads WHERE upload_id = :uploadId
[2018-04-07 20:14:14.601953] [info] SELECT * FROM uploads WHERE upload_id = :uploadId
[2018-04-07 20:14:14.613902] [info] SELECT * FROM uploads WHERE upload_id = :uploadId
[2018-04-07 20:14:14.625161] [info] SELECT * FROM uploads WHERE upload_id = :uploadId
[2018-04-07 20:14:14.642826] [info] SELECT * FROM uploads WHERE upload_id = :uploadId
[2018-04-07 20:14:14.654725] [info] SELECT * FROM uploads WHERE upload_id = :uploadId
[2018-04-07 20:14:14.668627] [info] SELECT * FROM users WHERE uid = :userId
[2018-04-07 20:14:14.696428] [info] SELECT * FROM rating WHERE post_id = :postId ORDER BY date_added DESC
[2018-04-07 20:14:14.710128] [info] SELECT * FROM post_tag WHERE post_id = :postId
[2018-04-07 20:14:14.718538] [info] SELECT * FROM rating WHERE post_id = :postId ORDER BY date_added DESC
[2018-04-07 20:14:14.730828] [info] SELECT * FROM post_tag WHERE post_id = :postId
[2018-04-07 20:14:14.740137] [info] SELECT * FROM rating WHERE post_id = :postId ORDER BY date_added DESC
[2018-04-07 20:14:14.754095] [info] SELECT * FROM post_tag WHERE post_id = :postId
[2018-04-07 20:14:14.765374] [info] SELECT * FROM rating WHERE post_id = :postId ORDER BY date_added DESC
[2018-04-07 20:14:14.775338] [info] SELECT * FROM post_tag WHERE post_id = :postId
[2018-04-07 20:14:14.784941] [info] SELECT * FROM users WHERE uid = :userId
[2018-04-07 20:14:14.794908] [info] SELECT * FROM page_follower WHERE page_id = :pageId
[2018-04-07 20:14:14.801887] [info] SELECT * FROM users WHERE uid = :userId
[2018-04-07 20:14:15.495997] [info] SELECT * FROM users WHERE uid = :userId
[2018-04-07 20:14:15.519929] [info] SELECT * FROM groups WHERE group_id = :groupId
[2018-04-07 20:14:15.536087] [info] SELECT * FROM groups WHERE group_id = :groupId
[2018-04-07 20:14:15.554085] [info] SELECT * FROM groups WHERE group_id = :groupId
[2018-04-07 20:14:36.615956] [info] SELECT * FROM users WHERE uid = :userId
[2018-04-07 20:14:36.637300] [info] SELECT * FROM page WHERE url = :url
[2018-04-07 20:14:36.647828] [info] SELECT * FROM page_follower WHERE page_id = :pageId
[2018-04-07 20:14:36.657838] [info] SELECT * FROM users WHERE uid = :userId
[2018-04-07 20:14:36.704365] [info] SELECT * FROM users WHERE uid = :userId
[2018-04-07 20:14:36.720221] [info] SELECT * FROM notifications WHERE user_id = :userId ORDER BY date_added DESC
[2018-04-07 20:16:50.295237] [info] SELECT * FROM page WHERE url = :url
[2018-04-07 20:16:50.906954] [info] SELECT * FROM users WHERE is_active = 1 ORDER BY fname ASC
[2018-04-07 20:16:50.916960] [info] SELECT * FROM users WHERE uid = :userId
[2018-04-07 20:16:50.925127] [info] SELECT * FROM users WHERE uid = :userId
[2018-04-07 20:16:50.932693] [info] SELECT * FROM users WHERE uid = :userId
[2018-04-07 20:16:50.940690] [info] SELECT * FROM users WHERE uid = :userId
[2018-04-07 20:16:50.947927] [info] SELECT * FROM users WHERE uid = :userId
[2018-04-07 20:16:50.955913] [info] SELECT * FROM users WHERE uid = :userId
[2018-04-07 20:16:50.963082] [info] SELECT * FROM users WHERE uid = :userId
[2018-04-07 20:16:50.973896] [info] SELECT * FROM users WHERE uid = :userId
[2018-04-07 20:16:50.981153] [info] SELECT * FROM users WHERE uid = :userId
[2018-04-07 20:16:51.025115] [info] SELECT * FROM uploads WHERE upload_id = :uploadId
[2018-04-07 20:16:51.032752] [info] SELECT * FROM uploads WHERE upload_id = :uploadId
[2018-04-07 20:16:51.040740] [info] SELECT * FROM uploads WHERE upload_id = :uploadId
[2018-04-07 20:16:51.047979] [info] SELECT * FROM uploads WHERE upload_id = :uploadId
[2018-04-07 20:16:51.059418] [info] SELECT * FROM post_tag WHERE post_id = :postId
[2018-04-07 20:16:51.072572] [info] SELECT * FROM post_tag WHERE post_id = :postId
[2018-04-07 20:16:51.087153] [info] SELECT * FROM comments WHERE com_id = :commentId
[2018-04-07 20:16:51.104583] [info] SELECT * FROM post_tag WHERE post_id = :postId
[2018-04-07 20:16:51.112976] [info] SELECT * FROM uploads WHERE upload_id = :uploadId
[2018-04-07 20:16:51.121401] [info] SELECT * FROM uploads WHERE upload_id = :uploadId
[2018-04-07 20:16:51.128643] [info] SELECT * FROM uploads WHERE upload_id = :uploadId
[2018-04-07 20:16:51.136817] [info] SELECT * FROM uploads WHERE upload_id = :uploadId
[2018-04-07 20:16:51.143727] [info] SELECT * FROM uploads WHERE upload_id = :uploadId
[2018-04-07 20:16:51.152051] [info] SELECT * FROM uploads WHERE upload_id = :uploadId
[2018-04-07 20:16:51.159111] [info] SELECT * FROM uploads WHERE upload_id = :uploadId
[2018-04-07 20:16:51.174520] [info] SELECT * FROM post_tag WHERE post_id = :postId
[2018-04-07 20:16:51.215940] [info] SELECT * FROM uploads WHERE upload_id = :uploadId
[2018-04-07 20:16:51.230489] [info] SELECT * FROM uploads WHERE upload_id = :uploadId
[2018-04-07 20:16:51.243431] [info] SELECT * FROM uploads WHERE upload_id = :uploadId
[2018-04-07 20:16:51.255639] [info] SELECT * FROM uploads WHERE upload_id = :uploadId
[2018-04-07 20:16:51.265928] [info] SELECT * FROM uploads WHERE upload_id = :uploadId
[2018-04-07 20:16:51.280004] [info] SELECT * FROM uploads WHERE upload_id = :uploadId
[2018-04-07 20:16:51.293570] [info] SELECT * FROM uploads WHERE upload_id = :uploadId
[2018-04-07 20:16:51.305958] [info] SELECT * FROM uploads WHERE upload_id = :uploadId
[2018-04-07 20:16:51.315084] [info] SELECT * FROM uploads WHERE upload_id = :uploadId
[2018-04-07 20:16:51.324125] [info] SELECT * FROM uploads WHERE upload_id = :uploadId
[2018-04-07 20:16:51.332278] [info] SELECT * FROM uploads WHERE upload_id = :uploadId
[2018-04-07 20:16:51.343522] [info] SELECT * FROM users WHERE uid = :userId
[2018-04-07 20:16:51.384994] [info] SELECT * FROM rating WHERE post_id = :postId ORDER BY date_added DESC
[2018-04-07 20:16:51.401412] [info] SELECT * FROM post_tag WHERE post_id = :postId
[2018-04-07 20:16:51.412858] [info] SELECT * FROM rating WHERE post_id = :postId ORDER BY date_added DESC
[2018-04-07 20:16:51.428235] [info] SELECT * FROM post_tag WHERE post_id = :postId
[2018-04-07 20:16:51.440118] [info] SELECT * FROM rating WHERE post_id = :postId ORDER BY date_added DESC
[2018-04-07 20:16:51.458615] [info] SELECT * FROM post_tag WHERE post_id = :postId
[2018-04-07 20:16:51.472740] [info] SELECT * FROM rating WHERE post_id = :postId ORDER BY date_added DESC
[2018-04-07 20:16:51.495496] [info] SELECT * FROM post_tag WHERE post_id = :postId
[2018-04-07 20:16:51.511780] [info] SELECT * FROM users WHERE uid = :userId
[2018-04-07 20:16:51.531799] [info] SELECT * FROM page_follower WHERE page_id = :pageId
[2018-04-07 20:16:51.542004] [info] SELECT * FROM users WHERE uid = :userId
[2018-04-07 20:16:52.038198] [info] SELECT * FROM users WHERE uid = :userId
[2018-04-07 20:16:52.052851] [info] SELECT * FROM groups WHERE group_id = :groupId
[2018-04-07 20:16:52.063838] [info] SELECT * FROM groups WHERE group_id = :groupId
[2018-04-07 20:16:52.075094] [info] SELECT * FROM groups WHERE group_id = :groupId
[2018-04-07 20:17:05.339822] [info] SELECT * FROM users WHERE uid = :userId
[2018-04-07 20:17:05.356983] [info] SELECT * FROM page WHERE url = :url
[2018-04-07 20:17:05.461457] [info] INSERT INTO messages (message, uid_fk, created, message_type, user_location, post_security) VALUES (:message, :uid_fk, :created, :message_type, :user_location, :post_security);
[2018-04-07 20:17:05.461616] [info] {":message":"test page notification for post",":uid_fk":"1",":created":"2018-04-07 20:17:05",":message_type":2,":user_location":null,":post_security":null}
[2018-04-07 20:17:05.550275] [info] INSERT INTO page_comment (post_id, page_id) VALUES (:post_id, :page_id);
[2018-04-07 20:17:05.550400] [info] {":post_id":"219",":page_id":"12"}
[2018-04-07 20:17:05.561696] [info] SELECT * FROM page_follower WHERE page_id = :pageId
[2018-04-07 20:17:05.569607] [info] SELECT * FROM users WHERE uid = :userId
[2018-04-07 20:17:05.576783] [info] SELECT * FROM users WHERE uid = :userId
[2018-04-07 20:17:05.672141] [info] INSERT INTO notifications (date_added, message, user_id, has_read) VALUES (:date_added, :message, :user_id, :has_read);
[2018-04-07 20:17:05.672348] [info] {":date_added":"2018-04-07 20:17:05",":message":"michael.hampton just posted in test tamara",":user_id":"1",":has_read":0}
[2018-04-07 19:17:05.756294] [error] Backtrace from warning 'Undefined variable: totalCommentsToDisplay' at C:\xampp\htdocs\blab\app\views\templates\posts.phtml 277: C:\xampp\htdocs\blab\public\index.php 96 calling handle() | <unknown file> <unknown line> calling dispatch() | <unknown file> <unknown line> calling postPageCommentAction() | C:\xampp\htdocs\blab\app\controllers\PageController.php 458 calling partial() | <unknown file> <unknown line> calling _engineRender() | <unknown file> <unknown line> calling render()
[2018-04-07 20:17:06.292433] [info] SELECT * FROM users WHERE uid = :userId
[2018-04-07 20:17:06.301665] [info] SELECT * FROM notifications WHERE user_id = :userId ORDER BY date_added DESC
[2018-04-07 20:18:52.432883] [info] SELECT * FROM page WHERE url = :url
[2018-04-07 20:18:52.443862] [info] SELECT * FROM users WHERE uid = :userId
[2018-04-07 20:18:52.539660] [info] INSERT INTO messages (message, uid_fk, created, message_type, user_location, post_security) VALUES (:message, :uid_fk, :created, :message_type, :user_location, :post_security);
[2018-04-07 20:18:52.539849] [info] {":message":"test review notification",":uid_fk":"1",":created":"2018-04-07 20:18:52",":message_type":4,":user_location":null,":post_security":null}
[2018-04-07 20:18:52.628977] [info] INSERT INTO page_comment (post_id, page_id) VALUES (:post_id, :page_id);
[2018-04-07 20:18:52.629128] [info] {":post_id":"220",":page_id":"12"}
[2018-04-07 20:18:52.716938] [info] INSERT INTO rating (page_id, post_id, user_id, rating, date_added) VALUES (:page_id, :post_id, :user_id, :rating, :date_added);
[2018-04-07 20:18:52.717109] [info] {":page_id":"12",":post_id":"220",":user_id":"1",":rating":"3",":date_added":"2018-04-07 20:18:52"}
[2018-04-07 20:18:52.726202] [info] SELECT * FROM rating WHERE post_id = :postId ORDER BY date_added DESC
[2018-04-07 20:18:52.740679] [info] SELECT * FROM page_follower WHERE page_id = :pageId
[2018-04-07 20:18:52.748584] [info] SELECT * FROM users WHERE uid = :userId
[2018-04-07 20:18:52.756661] [info] SELECT * FROM users WHERE uid = :userId
[2018-04-07 20:18:52.817449] [info] INSERT INTO notifications (date_added, message, user_id, has_read) VALUES (:date_added, :message, :user_id, :has_read);
[2018-04-07 20:18:52.817640] [info] {":date_added":"2018-04-07 20:18:52",":message":"michael.hampton added a review in test tamara",":user_id":"1",":has_read":0}
[2018-04-07 19:18:52.904860] [error] Backtrace from warning 'Undefined variable: totalCommentsToDisplay' at C:\xampp\htdocs\blab\app\views\templates\posts.phtml 277: C:\xampp\htdocs\blab\public\index.php 96 calling handle() | <unknown file> <unknown line> calling dispatch() | <unknown file> <unknown line> calling saveNewReviewAction() | C:\xampp\htdocs\blab\app\controllers\PageController.php 403 calling partial() | <unknown file> <unknown line> calling _engineRender() | <unknown file> <unknown line> calling render()
[2018-04-07 20:19:09.245542] [info] SELECT * FROM page WHERE url = :url
[2018-04-07 20:19:09.260305] [info] SELECT * FROM users WHERE uid = :userId
[2018-04-07 20:19:09.347652] [info] INSERT INTO messages (message, uid_fk, created, message_type, user_location, post_security) VALUES (:message, :uid_fk, :created, :message_type, :user_location, :post_security);
[2018-04-07 20:19:09.347861] [info] {":message":"test review notification",":uid_fk":"1",":created":"2018-04-07 20:19:09",":message_type":4,":user_location":null,":post_security":null}
[2018-04-07 20:19:09.434366] [info] INSERT INTO page_comment (post_id, page_id) VALUES (:post_id, :page_id);
[2018-04-07 20:19:09.434501] [info] {":post_id":"221",":page_id":"12"}
[2018-04-07 20:19:09.537235] [info] INSERT INTO rating (page_id, post_id, user_id, rating, date_added) VALUES (:page_id, :post_id, :user_id, :rating, :date_added);
[2018-04-07 20:19:09.537399] [info] {":page_id":"12",":post_id":"221",":user_id":"1",":rating":"3",":date_added":"2018-04-07 20:19:09"}
[2018-04-07 20:19:09.545789] [info] SELECT * FROM rating WHERE post_id = :postId ORDER BY date_added DESC
[2018-04-07 20:19:09.561404] [info] SELECT * FROM page_follower WHERE page_id = :pageId
[2018-04-07 20:19:09.569669] [info] SELECT * FROM users WHERE uid = :userId
[2018-04-07 20:19:09.579189] [info] SELECT * FROM users WHERE uid = :userId
[2018-04-07 20:19:09.669713] [info] INSERT INTO notifications (date_added, message, user_id, has_read) VALUES (:date_added, :message, :user_id, :has_read);
[2018-04-07 20:19:09.669887] [info] {":date_added":"2018-04-07 20:19:09",":message":"michael.hampton added a review in test tamara",":user_id":"1",":has_read":0}
[2018-04-07 19:19:09.780163] [error] Backtrace from warning 'Undefined variable: totalCommentsToDisplay' at C:\xampp\htdocs\blab\app\views\templates\posts.phtml 277: C:\xampp\htdocs\blab\public\index.php 96 calling handle() | <unknown file> <unknown line> calling dispatch() | <unknown file> <unknown line> calling saveNewReviewAction() | C:\xampp\htdocs\blab\app\controllers\PageController.php 403 calling partial() | <unknown file> <unknown line> calling _engineRender() | <unknown file> <unknown line> calling render()
