[2018-04-11 21:22:13.159651] [info] SELECT * FROM users WHERE is_active = 1 ORDER BY fname ASC
[2018-04-11 21:22:13.227525] [info] SELECT * FROM users WHERE uid = :userId
[2018-04-11 21:22:13.260512] [info] SELECT * FROM users WHERE uid = :userId
[2018-04-11 21:22:13.276887] [info] SELECT * FROM users WHERE uid = :userId
[2018-04-11 21:22:13.296734] [info] SELECT * FROM users WHERE uid = :userId
[2018-04-11 21:22:13.329319] [info] SELECT * FROM users WHERE uid = :userId
[2018-04-11 21:22:13.345408] [info] SELECT * FROM users WHERE uid = :userId
[2018-04-11 21:22:13.363584] [info] SELECT * FROM users WHERE uid = :userId
[2018-04-11 21:22:13.431219] [info] SELECT * FROM users WHERE is_active = 1 ORDER BY fname ASC
[2018-04-11 21:22:13.458180] [info] SELECT * FROM users WHERE uid = :userId
[2018-04-11 21:22:13.474957] [info] SELECT * FROM users WHERE uid = :userId
[2018-04-11 21:22:13.493891] [info] SELECT * FROM users WHERE uid = :userId
[2018-04-11 21:22:13.509819] [info] SELECT * FROM users WHERE uid = :userId
[2018-04-11 21:22:13.525857] [info] SELECT * FROM users WHERE uid = :userId
[2018-04-11 21:22:13.543539] [info] SELECT * FROM users WHERE uid = :userId
[2018-04-11 21:22:13.557248] [info] SELECT * FROM users WHERE uid = :userId
[2018-04-11 21:22:13.596977] [info] SELECT * FROM users WHERE uid = :userId
[2018-04-11 21:22:13.620373] [info] SELECT * FROM notifications WHERE user_id = :userId ORDER BY date_added DESC
[2018-04-11 21:22:13.670213] [info] SELECT * FROM users WHERE uid = :userId
[2018-04-11 21:22:13.951384] [info] SELECT * FROM users WHERE is_active = 1 ORDER BY fname ASC
[2018-04-11 21:22:13.971827] [info] SELECT * FROM users WHERE uid = :userId
[2018-04-11 21:22:13.991261] [info] SELECT * FROM users WHERE uid = :userId
[2018-04-11 21:22:14.006872] [info] SELECT * FROM users WHERE uid = :userId
[2018-04-11 21:22:14.021183] [info] SELECT * FROM users WHERE uid = :userId
[2018-04-11 21:22:14.035382] [info] SELECT * FROM users WHERE uid = :userId
[2018-04-11 21:22:14.054683] [info] SELECT * FROM users WHERE uid = :userId
[2018-04-11 21:22:14.071475] [info] SELECT * FROM users WHERE uid = :userId
[2018-04-11 21:22:14.104022] [info] SELECT * FROM users WHERE uid = :userId
[2018-04-11 21:22:14.117616] [info] SELECT * FROM users WHERE uid = :userId
[2018-04-11 21:22:14.223709] [info] SELECT * FROM groups WHERE group_id = :groupId
[2018-04-11 21:22:14.259911] [info] SELECT * FROM page WHERE url = :url
[2018-04-11 21:22:14.404053] [info] SELECT * FROM comments WHERE com_id = :commentId
[2018-04-11 21:22:14.475538] [info] SELECT * FROM post_tag WHERE post_id = :postId
[2018-04-11 21:22:14.490526] [info] SELECT * FROM post_tag WHERE post_id = :postId
[2018-04-11 21:22:14.522564] [info] SELECT * FROM uploads WHERE upload_id = :uploadId
[2018-04-11 21:22:14.546674] [info] SELECT * FROM uploads WHERE upload_id = :uploadId
[2018-04-11 21:22:14.557682] [info] SELECT * FROM uploads WHERE upload_id = :uploadId
[2018-04-11 21:22:14.572647] [info] SELECT * FROM uploads WHERE upload_id = :uploadId
[2018-04-11 21:22:14.574322] [info] SELECT * FROM post_tag WHERE post_id = :postId
[2018-04-11 21:22:14.589027] [info] SELECT * FROM post_tag WHERE post_id = :postId
[2018-04-11 21:22:14.606039] [info] SELECT * FROM comments WHERE com_id = :commentId
[2018-04-11 21:22:14.640748] [info] SELECT * FROM post_tag WHERE post_id = :postId
[2018-04-11 21:22:14.659344] [info] SELECT * FROM uploads WHERE upload_id = :uploadId
[2018-04-11 21:22:14.670725] [info] SELECT * FROM uploads WHERE upload_id = :uploadId
[2018-04-11 21:22:14.683773] [info] SELECT * FROM uploads WHERE upload_id = :uploadId
[2018-04-11 21:22:14.697379] [info] SELECT * FROM uploads WHERE upload_id = :uploadId
[2018-04-11 21:22:14.710966] [info] SELECT * FROM uploads WHERE upload_id = :uploadId
[2018-04-11 21:22:14.724493] [info] SELECT * FROM uploads WHERE upload_id = :uploadId
[2018-04-11 21:22:14.736784] [info] SELECT * FROM uploads WHERE upload_id = :uploadId
[2018-04-11 21:22:14.738332] [info] SELECT * FROM post_tag WHERE post_id = :postId
[2018-04-11 21:22:14.795449] [info] SELECT * FROM comments WHERE com_id = :commentId
[2018-04-11 21:22:14.812664] [info] SELECT * FROM post_tag WHERE post_id = :postId
[2018-04-11 21:22:14.831033] [info] SELECT * FROM uploads WHERE upload_id = :uploadId
[2018-04-11 21:22:14.847631] [info] SELECT * FROM uploads WHERE upload_id = :uploadId
[2018-04-11 21:22:14.861603] [info] SELECT * FROM uploads WHERE upload_id = :uploadId
[2018-04-11 21:22:14.875214] [info] SELECT * FROM uploads WHERE upload_id = :uploadId
[2018-04-11 21:22:14.877559] [info] SELECT * FROM post_tag WHERE post_id = :postId
[2018-04-11 21:22:14.891194] [info] SELECT * FROM post_tag WHERE post_id = :postId
[2018-04-11 21:22:14.910877] [info] SELECT * FROM comments WHERE com_id = :commentId
[2018-04-11 21:22:14.914940] [info] SELECT * FROM post_tag WHERE post_id = :postId
[2018-04-11 21:22:14.945959] [info] SELECT * FROM post_tag WHERE post_id = :postId
[2018-04-11 21:22:15.009521] [info] SELECT * FROM comments WHERE com_id = :commentId
[2018-04-11 21:22:15.035276] [info] SELECT * FROM users WHERE uid = :userId
[2018-04-11 21:22:15.059640] [info] SELECT * FROM users WHERE uid = :userId
[2018-04-11 21:22:15.061172] [info] SELECT * FROM post_tag WHERE post_id = :postId
[2018-04-11 21:22:15.080333] [info] SELECT * FROM comments WHERE com_id = :commentId
[2018-04-11 21:22:15.097834] [info] SELECT * FROM users WHERE uid = :userId
[2018-04-11 21:22:15.117780] [info] SELECT * FROM comments WHERE com_id = :commentId
[2018-04-11 21:22:15.138210] [info] SELECT * FROM comments WHERE com_id = :commentId
[2018-04-11 21:22:15.153407] [info] SELECT * FROM comments WHERE com_id = :commentId
[2018-04-11 21:22:15.170119] [info] SELECT * FROM users WHERE uid = :userId
[2018-04-11 21:22:15.184714] [info] SELECT * FROM comments WHERE com_id = :commentId
[2018-04-11 21:22:15.200221] [info] SELECT * FROM comments WHERE com_id = :commentId
[2018-04-11 21:22:15.218748] [info] SELECT * FROM comments WHERE com_id = :commentId
[2018-04-11 21:22:15.235065] [info] SELECT * FROM comments WHERE com_id = :commentId
[2018-04-11 21:22:15.252429] [info] SELECT * FROM comments WHERE com_id = :commentId
[2018-04-11 21:22:15.270800] [info] SELECT * FROM comments WHERE com_id = :commentId
[2018-04-11 21:22:15.289690] [info] SELECT * FROM comments WHERE com_id = :commentId
[2018-04-11 21:22:15.308552] [info] SELECT * FROM comments WHERE com_id = :commentId
[2018-04-11 21:22:15.329983] [info] SELECT * FROM comments WHERE com_id = :commentId
[2018-04-11 21:22:15.350577] [info] SELECT * FROM comments WHERE com_id = :commentId
[2018-04-11 21:22:15.371356] [info] SELECT * FROM comments WHERE com_id = :commentId
[2018-04-11 21:22:15.389992] [info] SELECT * FROM comments WHERE com_id = :commentId
[2018-04-11 21:22:15.394598] [info] SELECT * FROM post_tag WHERE post_id = :postId
[2018-04-11 21:22:15.412988] [info] SELECT * FROM page WHERE url = :url
[2018-04-11 21:22:15.429824] [info] SELECT * FROM page WHERE url = :url
[2018-04-11 21:22:15.451468] [info] SELECT * FROM advert ORDER BY title ASC
[2018-04-11 21:22:15.476304] [info] SELECT * FROM advert WHERE id = :id
[2018-04-11 21:22:15.477057] [info] SELECT * FROM advert_banner WHERE advert_id = :advertId ORDER BY id ASC
[2018-04-11 21:22:15.506918] [info] SELECT * FROM advert_banner WHERE id = :id
[2018-04-11 21:22:15.517515] [info] SELECT * FROM advert_banner WHERE id = :id
[2018-04-11 21:22:15.531785] [info] SELECT * FROM advert_banner WHERE id = :id
[2018-04-11 21:22:15.547044] [info] SELECT * FROM advert_banner WHERE id = :id
[2018-04-11 21:22:15.561753] [info] SELECT * FROM advert_banner WHERE id = :id
[2018-04-11 21:22:15.574892] [info] SELECT * FROM advert_banner WHERE id = :id
[2018-04-11 21:22:15.589221] [info] SELECT * FROM advert_banner WHERE id = :id
[2018-04-11 21:22:15.609368] [info] SELECT * FROM advert_banner WHERE id = :id
[2018-04-11 21:22:17.262310] [info] SELECT * FROM users WHERE uid = :userId
[2018-04-11 21:22:17.389837] [info] SELECT * FROM groups WHERE group_id = :groupId
[2018-04-11 21:22:17.465621] [info] SELECT * FROM groups WHERE group_id = :groupId
[2018-04-11 21:22:17.546459] [info] SELECT * FROM users WHERE is_active = 1 ORDER BY fname ASC
[2018-04-11 21:22:17.592950] [info] SELECT * FROM users WHERE uid = :userId
[2018-04-11 21:22:17.626023] [info] SELECT * FROM users WHERE uid = :userId
[2018-04-11 21:22:17.650312] [info] SELECT * FROM users WHERE uid = :userId
[2018-04-11 21:22:17.669760] [info] SELECT * FROM users WHERE uid = :userId
[2018-04-11 21:22:17.691255] [info] SELECT * FROM users WHERE uid = :userId
[2018-04-11 21:22:17.710599] [info] SELECT * FROM users WHERE uid = :userId
[2018-04-11 21:22:17.729604] [info] SELECT * FROM users WHERE uid = :userId
[2018-04-11 21:22:20.912369] [info] SELECT * FROM users WHERE is_active = 1 ORDER BY fname ASC
[2018-04-11 21:22:20.933753] [info] SELECT * FROM users WHERE uid = :userId
[2018-04-11 21:22:20.950047] [info] SELECT * FROM users WHERE uid = :userId
[2018-04-11 21:22:20.962912] [info] SELECT * FROM users WHERE uid = :userId
[2018-04-11 21:22:20.976649] [info] SELECT * FROM users WHERE uid = :userId
[2018-04-11 21:22:20.988584] [info] SELECT * FROM users WHERE uid = :userId
[2018-04-11 21:22:21.002991] [info] SELECT * FROM users WHERE uid = :userId
[2018-04-11 21:22:21.015882] [info] SELECT * FROM users WHERE uid = :userId
[2018-04-11 21:22:21.046895] [info] SELECT * FROM users WHERE is_active = 1 ORDER BY fname ASC
[2018-04-11 21:22:21.072166] [info] SELECT * FROM users WHERE uid = :userId
[2018-04-11 21:22:21.086347] [info] SELECT * FROM users WHERE uid = :userId
[2018-04-11 21:22:21.098814] [info] SELECT * FROM users WHERE uid = :userId
[2018-04-11 21:22:21.113627] [info] SELECT * FROM users WHERE uid = :userId
[2018-04-11 21:22:21.125652] [info] SELECT * FROM users WHERE uid = :userId
[2018-04-11 21:22:21.136720] [info] SELECT * FROM users WHERE uid = :userId
[2018-04-11 21:22:21.150257] [info] SELECT * FROM users WHERE uid = :userId
[2018-04-11 21:22:21.177925] [info] SELECT * FROM users WHERE uid = :userId
[2018-04-11 21:22:21.201257] [info] SELECT * FROM notifications WHERE user_id = :userId ORDER BY date_added DESC
[2018-04-11 21:22:21.263505] [info] SELECT * FROM users WHERE uid = :userId
[2018-04-11 21:22:24.901303] [info] SELECT * FROM users WHERE is_active = 1 ORDER BY fname ASC
[2018-04-11 21:22:24.920078] [info] SELECT * FROM users WHERE uid = :userId
[2018-04-11 21:22:24.933291] [info] SELECT * FROM users WHERE uid = :userId
[2018-04-11 21:22:24.949522] [info] SELECT * FROM users WHERE uid = :userId
[2018-04-11 21:22:24.963377] [info] SELECT * FROM users WHERE uid = :userId
[2018-04-11 21:22:24.975980] [info] SELECT * FROM users WHERE uid = :userId
[2018-04-11 21:22:24.989279] [info] SELECT * FROM users WHERE uid = :userId
[2018-04-11 21:22:24.999634] [info] SELECT * FROM users WHERE uid = :userId
[2018-04-11 21:22:25.030704] [info] SELECT * FROM users WHERE is_active = 1 ORDER BY fname ASC
[2018-04-11 21:22:25.059113] [info] SELECT * FROM users WHERE uid = :userId
[2018-04-11 21:22:25.071991] [info] SELECT * FROM users WHERE uid = :userId
[2018-04-11 21:22:25.083678] [info] SELECT * FROM users WHERE uid = :userId
[2018-04-11 21:22:25.094721] [info] SELECT * FROM users WHERE uid = :userId
[2018-04-11 21:22:25.105806] [info] SELECT * FROM users WHERE uid = :userId
[2018-04-11 21:22:25.127566] [info] SELECT * FROM users WHERE uid = :userId
[2018-04-11 21:22:25.146768] [info] SELECT * FROM users WHERE uid = :userId
[2018-04-11 21:22:25.193139] [info] SELECT * FROM users WHERE uid = :userId
[2018-04-11 21:22:25.219119] [info] SELECT * FROM notifications WHERE user_id = :userId ORDER BY date_added DESC
[2018-04-11 21:22:25.276360] [info] SELECT * FROM users WHERE uid = :userId
[2018-04-11 21:22:28.910938] [info] SELECT * FROM users WHERE is_active = 1 ORDER BY fname ASC
[2018-04-11 21:22:28.926666] [info] SELECT * FROM users WHERE uid = :userId
[2018-04-11 21:22:28.940368] [info] SELECT * FROM users WHERE uid = :userId
[2018-04-11 21:22:28.952550] [info] SELECT * FROM users WHERE uid = :userId
[2018-04-11 21:22:28.965641] [info] SELECT * FROM users WHERE uid = :userId
[2018-04-11 21:22:28.979039] [info] SELECT * FROM users WHERE uid = :userId
[2018-04-11 21:22:28.995508] [info] SELECT * FROM users WHERE uid = :userId
[2018-04-11 21:22:29.009598] [info] SELECT * FROM users WHERE uid = :userId
[2018-04-11 21:22:29.040740] [info] SELECT * FROM users WHERE is_active = 1 ORDER BY fname ASC
[2018-04-11 21:22:29.071274] [info] SELECT * FROM users WHERE uid = :userId
[2018-04-11 21:22:29.087779] [info] SELECT * FROM users WHERE uid = :userId
[2018-04-11 21:22:29.104826] [info] SELECT * FROM users WHERE uid = :userId
[2018-04-11 21:22:29.119362] [info] SELECT * FROM users WHERE uid = :userId
[2018-04-11 21:22:29.132666] [info] SELECT * FROM users WHERE uid = :userId
[2018-04-11 21:22:29.145082] [info] SELECT * FROM users WHERE uid = :userId
[2018-04-11 21:22:29.160834] [info] SELECT * FROM users WHERE uid = :userId
[2018-04-11 21:22:29.193145] [info] SELECT * FROM users WHERE uid = :userId
[2018-04-11 21:22:29.208595] [info] SELECT * FROM notifications WHERE user_id = :userId ORDER BY date_added DESC
[2018-04-11 21:22:29.243621] [info] SELECT * FROM users WHERE uid = :userId
[2018-04-11 21:22:32.919287] [info] SELECT * FROM users WHERE is_active = 1 ORDER BY fname ASC
[2018-04-11 21:22:32.940481] [info] SELECT * FROM users WHERE uid = :userId
[2018-04-11 21:22:32.955450] [info] SELECT * FROM users WHERE uid = :userId
[2018-04-11 21:22:32.970554] [info] SELECT * FROM users WHERE uid = :userId
[2018-04-11 21:22:32.985004] [info] SELECT * FROM users WHERE uid = :userId
[2018-04-11 21:22:33.007420] [info] SELECT * FROM users WHERE uid = :userId
[2018-04-11 21:22:33.020766] [info] SELECT * FROM users WHERE uid = :userId
[2018-04-11 21:22:33.034240] [info] SELECT * FROM users WHERE uid = :userId
[2018-04-11 21:22:33.064805] [info] SELECT * FROM users WHERE is_active = 1 ORDER BY fname ASC
[2018-04-11 21:22:33.096312] [info] SELECT * FROM users WHERE uid = :userId
[2018-04-11 21:22:33.110532] [info] SELECT * FROM users WHERE uid = :userId
[2018-04-11 21:22:33.124088] [info] SELECT * FROM users WHERE uid = :userId
[2018-04-11 21:22:33.138005] [info] SELECT * FROM users WHERE uid = :userId
[2018-04-11 21:22:33.150804] [info] SELECT * FROM users WHERE uid = :userId
[2018-04-11 21:22:33.163974] [info] SELECT * FROM users WHERE uid = :userId
[2018-04-11 21:22:33.175208] [info] SELECT * FROM users WHERE uid = :userId
[2018-04-11 21:22:33.204207] [info] SELECT * FROM users WHERE uid = :userId
[2018-04-11 21:22:33.221123] [info] SELECT * FROM notifications WHERE user_id = :userId ORDER BY date_added DESC
[2018-04-11 21:22:33.260215] [info] SELECT * FROM users WHERE uid = :userId
[2018-04-11 21:22:36.926034] [info] SELECT * FROM users WHERE is_active = 1 ORDER BY fname ASC
[2018-04-11 21:22:36.943845] [info] SELECT * FROM users WHERE uid = :userId
[2018-04-11 21:22:36.957880] [info] SELECT * FROM users WHERE uid = :userId
[2018-04-11 21:22:36.968748] [info] SELECT * FROM users WHERE uid = :userId
[2018-04-11 21:22:36.982649] [info] SELECT * FROM users WHERE uid = :userId
[2018-04-11 21:22:36.994538] [info] SELECT * FROM users WHERE uid = :userId
[2018-04-11 21:22:37.006314] [info] SELECT * FROM users WHERE uid = :userId
[2018-04-11 21:22:37.021235] [info] SELECT * FROM users WHERE uid = :userId
[2018-04-11 21:22:37.078933] [info] SELECT * FROM users WHERE is_active = 1 ORDER BY fname ASC
[2018-04-11 21:22:37.109210] [info] SELECT * FROM users WHERE uid = :userId
[2018-04-11 21:22:37.132527] [info] SELECT * FROM users WHERE uid = :userId
[2018-04-11 21:22:37.149142] [info] SELECT * FROM users WHERE uid = :userId
[2018-04-11 21:22:37.163273] [info] SELECT * FROM users WHERE uid = :userId
[2018-04-11 21:22:37.181312] [info] SELECT * FROM users WHERE uid = :userId
[2018-04-11 21:22:37.197705] [info] SELECT * FROM users WHERE uid = :userId
[2018-04-11 21:22:37.212599] [info] SELECT * FROM users WHERE uid = :userId
[2018-04-11 21:22:37.242340] [info] SELECT * FROM users WHERE uid = :userId
[2018-04-11 21:22:37.255775] [info] SELECT * FROM notifications WHERE user_id = :userId ORDER BY date_added DESC
[2018-04-11 21:22:37.293981] [info] SELECT * FROM users WHERE uid = :userId
[2018-04-11 21:22:40.934551] [info] SELECT * FROM users WHERE is_active = 1 ORDER BY fname ASC
[2018-04-11 21:22:40.950789] [info] SELECT * FROM users WHERE uid = :userId
[2018-04-11 21:22:40.961918] [info] SELECT * FROM users WHERE uid = :userId
[2018-04-11 21:22:40.973718] [info] SELECT * FROM users WHERE uid = :userId
[2018-04-11 21:22:40.985793] [info] SELECT * FROM users WHERE uid = :userId
[2018-04-11 21:22:40.998404] [info] SELECT * FROM users WHERE uid = :userId
[2018-04-11 21:22:41.010657] [info] SELECT * FROM users WHERE uid = :userId
[2018-04-11 21:22:41.024369] [info] SELECT * FROM users WHERE uid = :userId
[2018-04-11 21:22:41.059995] [info] SELECT * FROM users WHERE is_active = 1 ORDER BY fname ASC
[2018-04-11 21:22:41.083834] [info] SELECT * FROM users WHERE uid = :userId
[2018-04-11 21:22:41.097096] [info] SELECT * FROM users WHERE uid = :userId
[2018-04-11 21:22:41.110152] [info] SELECT * FROM users WHERE uid = :userId
[2018-04-11 21:22:41.124120] [info] SELECT * FROM users WHERE uid = :userId
[2018-04-11 21:22:41.137687] [info] SELECT * FROM users WHERE uid = :userId
[2018-04-11 21:22:41.148195] [info] SELECT * FROM users WHERE uid = :userId
[2018-04-11 21:22:41.161617] [info] SELECT * FROM users WHERE uid = :userId
[2018-04-11 21:22:41.194600] [info] SELECT * FROM users WHERE uid = :userId
[2018-04-11 21:22:41.211759] [info] SELECT * FROM notifications WHERE user_id = :userId ORDER BY date_added DESC
[2018-04-11 21:22:41.249564] [info] SELECT * FROM users WHERE uid = :userId
[2018-04-11 21:22:44.947287] [info] SELECT * FROM users WHERE is_active = 1 ORDER BY fname ASC
[2018-04-11 21:22:44.968364] [info] SELECT * FROM users WHERE uid = :userId
[2018-04-11 21:22:44.982853] [info] SELECT * FROM users WHERE uid = :userId
[2018-04-11 21:22:44.997370] [info] SELECT * FROM users WHERE uid = :userId
[2018-04-11 21:22:45.010934] [info] SELECT * FROM users WHERE uid = :userId
[2018-04-11 21:22:45.023310] [info] SELECT * FROM users WHERE uid = :userId
[2018-04-11 21:22:45.036053] [info] SELECT * FROM users WHERE uid = :userId
[2018-04-11 21:22:45.048480] [info] SELECT * FROM users WHERE uid = :userId
[2018-04-11 21:22:45.083975] [info] SELECT * FROM users WHERE is_active = 1 ORDER BY fname ASC
[2018-04-11 21:22:45.108499] [info] SELECT * FROM users WHERE uid = :userId
[2018-04-11 21:22:45.119992] [info] SELECT * FROM users WHERE uid = :userId
[2018-04-11 21:22:45.132973] [info] SELECT * FROM users WHERE uid = :userId
[2018-04-11 21:22:45.147075] [info] SELECT * FROM users WHERE uid = :userId
[2018-04-11 21:22:45.164295] [info] SELECT * FROM users WHERE uid = :userId
[2018-04-11 21:22:45.176088] [info] SELECT * FROM users WHERE uid = :userId
[2018-04-11 21:22:45.190468] [info] SELECT * FROM users WHERE uid = :userId
[2018-04-11 21:22:45.234354] [info] SELECT * FROM users WHERE uid = :userId
[2018-04-11 21:22:45.252948] [info] SELECT * FROM notifications WHERE user_id = :userId ORDER BY date_added DESC
[2018-04-11 21:22:45.294136] [info] SELECT * FROM users WHERE uid = :userId
[2018-04-11 21:22:49.607259] [info] SELECT * FROM users WHERE is_active = 1 ORDER BY fname ASC
[2018-04-11 21:22:49.629352] [info] SELECT * FROM users WHERE uid = :userId
[2018-04-11 21:22:49.650238] [info] SELECT * FROM users WHERE uid = :userId
[2018-04-11 21:22:49.669936] [info] SELECT * FROM users WHERE uid = :userId
[2018-04-11 21:22:49.688314] [info] SELECT * FROM users WHERE uid = :userId
[2018-04-11 21:22:49.709180] [info] SELECT * FROM users WHERE uid = :userId
[2018-04-11 21:22:49.726974] [info] SELECT * FROM users WHERE uid = :userId
[2018-04-11 21:22:49.742908] [info] SELECT * FROM users WHERE uid = :userId
[2018-04-11 21:22:49.782618] [info] SELECT * FROM users WHERE is_active = 1 ORDER BY fname ASC
[2018-04-11 21:22:49.807053] [info] SELECT * FROM users WHERE uid = :userId
[2018-04-11 21:22:49.824949] [info] SELECT * FROM users WHERE uid = :userId
[2018-04-11 21:22:49.844300] [info] SELECT * FROM users WHERE uid = :userId
[2018-04-11 21:22:49.864161] [info] SELECT * FROM users WHERE uid = :userId
[2018-04-11 21:22:49.884239] [info] SELECT * FROM users WHERE uid = :userId
[2018-04-11 21:22:49.908443] [info] SELECT * FROM users WHERE uid = :userId
[2018-04-11 21:22:49.929783] [info] SELECT * FROM users WHERE uid = :userId
[2018-04-11 21:22:50.110419] [info] SELECT * FROM users WHERE uid = :userId
[2018-04-11 21:22:50.152960] [info] SELECT * FROM notifications WHERE user_id = :userId ORDER BY date_added DESC
[2018-04-11 21:22:50.211755] [info] SELECT * FROM users WHERE uid = :userId
[2018-04-11 21:22:54.608774] [info] SELECT * FROM users WHERE is_active = 1 ORDER BY fname ASC
[2018-04-11 21:22:54.624351] [info] SELECT * FROM users WHERE uid = :userId
[2018-04-11 21:22:54.638497] [info] SELECT * FROM users WHERE uid = :userId
[2018-04-11 21:22:54.653623] [info] SELECT * FROM users WHERE uid = :userId
[2018-04-11 21:22:54.667808] [info] SELECT * FROM users WHERE uid = :userId
[2018-04-11 21:22:54.683048] [info] SELECT * FROM users WHERE uid = :userId
[2018-04-11 21:22:54.697366] [info] SELECT * FROM users WHERE uid = :userId
[2018-04-11 21:22:54.709985] [info] SELECT * FROM users WHERE uid = :userId
[2018-04-11 21:22:54.742414] [info] SELECT * FROM users WHERE is_active = 1 ORDER BY fname ASC
[2018-04-11 21:22:54.764138] [info] SELECT * FROM users WHERE uid = :userId
[2018-04-11 21:22:54.776618] [info] SELECT * FROM users WHERE uid = :userId
[2018-04-11 21:22:54.786796] [info] SELECT * FROM users WHERE uid = :userId
[2018-04-11 21:22:54.799844] [info] SELECT * FROM users WHERE uid = :userId
[2018-04-11 21:22:54.811454] [info] SELECT * FROM users WHERE uid = :userId
[2018-04-11 21:22:54.821525] [info] SELECT * FROM users WHERE uid = :userId
[2018-04-11 21:22:54.836123] [info] SELECT * FROM users WHERE uid = :userId
[2018-04-11 21:22:54.866134] [info] SELECT * FROM users WHERE uid = :userId
[2018-04-11 21:22:54.881138] [info] SELECT * FROM notifications WHERE user_id = :userId ORDER BY date_added DESC
[2018-04-11 21:22:54.918680] [info] SELECT * FROM users WHERE uid = :userId
[2018-04-11 21:23:13.252192] [info] SELECT * FROM users WHERE username = :username
[2018-04-11 21:23:14.142508] [info] UPDATE users SET session_token = :update_session_token WHERE username = :username;
[2018-04-11 21:23:14.264703] [info] SELECT * FROM users WHERE is_active = 1 ORDER BY fname ASC
[2018-04-11 21:23:14.280575] [info] SELECT * FROM users WHERE uid = :userId
[2018-04-11 21:23:14.295392] [info] SELECT * FROM users WHERE uid = :userId
[2018-04-11 21:23:14.308820] [info] SELECT * FROM users WHERE uid = :userId
[2018-04-11 21:23:14.322585] [info] SELECT * FROM users WHERE uid = :userId
[2018-04-11 21:23:14.336385] [info] SELECT * FROM users WHERE uid = :userId
[2018-04-11 21:23:14.353288] [info] SELECT * FROM users WHERE uid = :userId
[2018-04-11 21:23:14.367173] [info] SELECT * FROM users WHERE uid = :userId
[2018-04-11 21:23:14.380795] [info] SELECT * FROM users WHERE uid = :userId
[2018-04-11 21:23:14.392374] [info] SELECT * FROM users WHERE uid = :userId
[2018-04-11 21:23:14.428095] [info] SELECT * FROM groups WHERE group_id = :groupId
[2018-04-11 21:23:14.450301] [info] SELECT * FROM page WHERE url = :url
[2018-04-11 21:23:14.557929] [info] SELECT * FROM comments WHERE com_id = :commentId
[2018-04-11 21:23:14.576055] [info] SELECT * FROM post_tag WHERE post_id = :postId
[2018-04-11 21:23:14.591377] [info] SELECT * FROM post_tag WHERE post_id = :postId
[2018-04-11 21:23:14.607374] [info] SELECT * FROM uploads WHERE upload_id = :uploadId
[2018-04-11 21:23:14.620987] [info] SELECT * FROM uploads WHERE upload_id = :uploadId
[2018-04-11 21:23:14.633228] [info] SELECT * FROM uploads WHERE upload_id = :uploadId
[2018-04-11 21:23:14.646794] [info] SELECT * FROM uploads WHERE upload_id = :uploadId
[2018-04-11 21:23:14.649844] [info] SELECT * FROM post_tag WHERE post_id = :postId
[2018-04-11 21:23:14.664839] [info] SELECT * FROM post_tag WHERE post_id = :postId
[2018-04-11 21:23:14.684674] [info] SELECT * FROM comments WHERE com_id = :commentId
[2018-04-11 21:23:14.701586] [info] SELECT * FROM post_tag WHERE post_id = :postId
[2018-04-11 21:23:14.716018] [info] SELECT * FROM uploads WHERE upload_id = :uploadId
[2018-04-11 21:23:14.727593] [info] SELECT * FROM uploads WHERE upload_id = :uploadId
[2018-04-11 21:23:14.740219] [info] SELECT * FROM uploads WHERE upload_id = :uploadId
[2018-04-11 21:23:14.752763] [info] SELECT * FROM uploads WHERE upload_id = :uploadId
[2018-04-11 21:23:14.765630] [info] SELECT * FROM uploads WHERE upload_id = :uploadId
[2018-04-11 21:23:14.778223] [info] SELECT * FROM uploads WHERE upload_id = :uploadId
[2018-04-11 21:23:14.791758] [info] SELECT * FROM uploads WHERE upload_id = :uploadId
[2018-04-11 21:23:14.793349] [info] SELECT * FROM post_tag WHERE post_id = :postId
[2018-04-11 21:23:14.842983] [info] SELECT * FROM comments WHERE com_id = :commentId
[2018-04-11 21:23:14.861303] [info] SELECT * FROM post_tag WHERE post_id = :postId
[2018-04-11 21:23:14.877127] [info] SELECT * FROM uploads WHERE upload_id = :uploadId
[2018-04-11 21:23:14.891931] [info] SELECT * FROM uploads WHERE upload_id = :uploadId
[2018-04-11 21:23:14.905652] [info] SELECT * FROM uploads WHERE upload_id = :uploadId
[2018-04-11 21:23:14.919441] [info] SELECT * FROM uploads WHERE upload_id = :uploadId
[2018-04-11 21:23:14.920886] [info] SELECT * FROM post_tag WHERE post_id = :postId
[2018-04-11 21:23:14.934047] [info] SELECT * FROM post_tag WHERE post_id = :postId
[2018-04-11 21:23:14.950017] [info] SELECT * FROM comments WHERE com_id = :commentId
[2018-04-11 21:23:14.952256] [info] SELECT * FROM post_tag WHERE post_id = :postId
[2018-04-11 21:23:14.966098] [info] SELECT * FROM post_tag WHERE post_id = :postId
[2018-04-11 21:23:15.010643] [info] SELECT * FROM comments WHERE com_id = :commentId
[2018-04-11 21:23:15.026197] [info] SELECT * FROM users WHERE uid = :userId
[2018-04-11 21:23:15.039891] [info] SELECT * FROM users WHERE uid = :userId
[2018-04-11 21:23:15.040808] [info] SELECT * FROM post_tag WHERE post_id = :postId
[2018-04-11 21:23:15.058316] [info] SELECT * FROM comments WHERE com_id = :commentId
[2018-04-11 21:23:15.071510] [info] SELECT * FROM users WHERE uid = :userId
[2018-04-11 21:23:15.085046] [info] SELECT * FROM comments WHERE com_id = :commentId
[2018-04-11 21:23:15.099258] [info] SELECT * FROM comments WHERE com_id = :commentId
[2018-04-11 21:23:15.114473] [info] SELECT * FROM comments WHERE com_id = :commentId
[2018-04-11 21:23:15.129230] [info] SELECT * FROM users WHERE uid = :userId
[2018-04-11 21:23:15.141362] [info] SELECT * FROM comments WHERE com_id = :commentId
[2018-04-11 21:23:15.154700] [info] SELECT * FROM comments WHERE com_id = :commentId
[2018-04-11 21:23:15.168057] [info] SELECT * FROM comments WHERE com_id = :commentId
[2018-04-11 21:23:15.180959] [info] SELECT * FROM comments WHERE com_id = :commentId
[2018-04-11 21:23:15.199897] [info] SELECT * FROM comments WHERE com_id = :commentId
[2018-04-11 21:23:15.217266] [info] SELECT * FROM comments WHERE com_id = :commentId
[2018-04-11 21:23:15.230254] [info] SELECT * FROM comments WHERE com_id = :commentId
[2018-04-11 21:23:15.254259] [info] SELECT * FROM comments WHERE com_id = :commentId
[2018-04-11 21:23:15.270271] [info] SELECT * FROM comments WHERE com_id = :commentId
[2018-04-11 21:23:15.288269] [info] SELECT * FROM comments WHERE com_id = :commentId
[2018-04-11 21:23:15.303267] [info] SELECT * FROM comments WHERE com_id = :commentId
[2018-04-11 21:23:15.319823] [info] SELECT * FROM comments WHERE com_id = :commentId
[2018-04-11 21:23:15.323654] [info] SELECT * FROM post_tag WHERE post_id = :postId
[2018-04-11 21:23:15.346299] [info] SELECT * FROM page WHERE url = :url
[2018-04-11 21:23:15.362349] [info] SELECT * FROM page WHERE url = :url
[2018-04-11 21:23:15.383126] [info] SELECT * FROM advert ORDER BY title ASC
[2018-04-11 21:23:15.400861] [info] SELECT * FROM advert WHERE id = :id
[2018-04-11 21:23:15.402301] [info] SELECT * FROM advert_banner WHERE advert_id = :advertId ORDER BY id ASC
[2018-04-11 21:23:15.421375] [info] SELECT * FROM advert_banner WHERE id = :id
[2018-04-11 21:23:15.437681] [info] SELECT * FROM advert_banner WHERE id = :id
[2018-04-11 21:23:15.451977] [info] SELECT * FROM advert_banner WHERE id = :id
[2018-04-11 21:23:15.466921] [info] SELECT * FROM advert_banner WHERE id = :id
[2018-04-11 21:23:15.480067] [info] SELECT * FROM advert_banner WHERE id = :id
[2018-04-11 21:23:15.492237] [info] SELECT * FROM advert_banner WHERE id = :id
[2018-04-11 21:23:15.505647] [info] SELECT * FROM advert_banner WHERE id = :id
[2018-04-11 21:23:15.520698] [info] SELECT * FROM advert_banner WHERE id = :id
[2018-04-11 21:23:15.820844] [info] SELECT * FROM users WHERE username = :username
[2018-04-11 21:23:17.286885] [info] UPDATE users SET session_token = :update_session_token WHERE username = :username;
[2018-04-11 21:23:17.448694] [info] SELECT * FROM users WHERE username = :username
[2018-04-11 21:23:18.702178] [info] UPDATE users SET session_token = :update_session_token WHERE username = :username;
[2018-04-11 21:23:18.827363] [info] SELECT * FROM users WHERE uid = :userId
[2018-04-11 21:23:18.872565] [info] SELECT * FROM groups WHERE group_id = :groupId
[2018-04-11 21:23:18.900635] [info] SELECT * FROM groups WHERE group_id = :groupId
[2018-04-11 21:23:18.944293] [info] SELECT * FROM users WHERE is_active = 1 ORDER BY fname ASC
[2018-04-11 21:23:18.978775] [info] SELECT * FROM users WHERE uid = :userId
[2018-04-11 21:23:19.006650] [info] SELECT * FROM users WHERE uid = :userId
[2018-04-11 21:23:19.084256] [info] SELECT * FROM users WHERE uid = :userId
[2018-04-11 21:23:19.135653] [info] SELECT * FROM users WHERE uid = :userId
[2018-04-11 21:23:19.162347] [info] SELECT * FROM users WHERE uid = :userId
[2018-04-11 21:23:19.188822] [info] SELECT * FROM users WHERE uid = :userId
[2018-04-11 21:23:19.259629] [info] SELECT * FROM users WHERE uid = :userId
[2018-04-11 21:23:21.622307] [info] SELECT * FROM users WHERE is_active = 1 ORDER BY fname ASC
[2018-04-11 21:23:21.637265] [info] SELECT * FROM users WHERE uid = :userId
[2018-04-11 21:23:21.649883] [info] SELECT * FROM users WHERE uid = :userId
[2018-04-11 21:23:21.661592] [info] SELECT * FROM users WHERE uid = :userId
[2018-04-11 21:23:21.672200] [info] SELECT * FROM users WHERE uid = :userId
[2018-04-11 21:23:21.686044] [info] SELECT * FROM users WHERE uid = :userId
[2018-04-11 21:23:21.698695] [info] SELECT * FROM users WHERE uid = :userId
[2018-04-11 21:23:21.711997] [info] SELECT * FROM users WHERE uid = :userId
[2018-04-11 21:23:21.742229] [info] SELECT * FROM users WHERE is_active = 1 ORDER BY fname ASC
[2018-04-11 21:23:21.764023] [info] SELECT * FROM users WHERE uid = :userId
[2018-04-11 21:23:21.777039] [info] SELECT * FROM users WHERE uid = :userId
[2018-04-11 21:23:21.794297] [info] SELECT * FROM users WHERE uid = :userId
[2018-04-11 21:23:21.812237] [info] SELECT * FROM users WHERE uid = :userId
[2018-04-11 21:23:21.828269] [info] SELECT * FROM users WHERE uid = :userId
[2018-04-11 21:23:21.844505] [info] SELECT * FROM users WHERE uid = :userId
[2018-04-11 21:23:21.860604] [info] SELECT * FROM users WHERE uid = :userId
[2018-04-11 21:23:21.938452] [info] SELECT * FROM users WHERE uid = :userId
[2018-04-11 21:23:21.967351] [info] SELECT * FROM notifications WHERE user_id = :userId ORDER BY date_added DESC
[2018-04-11 21:23:22.014391] [info] SELECT * FROM users WHERE uid = :userId
[2018-04-11 21:25:37.164349] [error] Backtrace from warning 'Missing username or password params in login' at C:\xampp\htdocs\blab\app\controllers\UserController.php 58: C:\xampp\htdocs\blab\public\index.php 96 calling handle() | <unknown file> <unknown line> calling dispatch() | <unknown file> <unknown line> calling doLoginAction() | C:\xampp\htdocs\blab\app\controllers\UserController.php 58 calling trigger_error()
[2018-04-11 21:25:45.363845] [info] SELECT * FROM users WHERE username = :username
[2018-04-11 21:25:46.291914] [info] UPDATE users SET session_token = :update_session_token WHERE username = :username;
[2018-04-11 21:25:46.422857] [info] SELECT * FROM users WHERE is_active = 1 ORDER BY fname ASC
[2018-04-11 21:25:46.441582] [info] SELECT * FROM users WHERE uid = :userId
[2018-04-11 21:25:46.456336] [info] SELECT * FROM users WHERE uid = :userId
[2018-04-11 21:25:46.468426] [info] SELECT * FROM users WHERE uid = :userId
[2018-04-11 21:25:46.481957] [info] SELECT * FROM users WHERE uid = :userId
[2018-04-11 21:25:46.495563] [info] SELECT * FROM users WHERE uid = :userId
[2018-04-11 21:25:46.508397] [info] SELECT * FROM users WHERE uid = :userId
[2018-04-11 21:25:46.520370] [info] SELECT * FROM users WHERE uid = :userId
[2018-04-11 21:25:46.533020] [info] SELECT * FROM users WHERE uid = :userId
[2018-04-11 21:25:46.546897] [info] SELECT * FROM users WHERE uid = :userId
[2018-04-11 21:25:46.581686] [info] SELECT * FROM groups WHERE group_id = :groupId
[2018-04-11 21:25:46.602808] [info] SELECT * FROM page WHERE url = :url
[2018-04-11 21:25:46.688584] [info] SELECT * FROM comments WHERE com_id = :commentId
[2018-04-11 21:25:46.706011] [info] SELECT * FROM post_tag WHERE post_id = :postId
[2018-04-11 21:25:46.719729] [info] SELECT * FROM post_tag WHERE post_id = :postId
[2018-04-11 21:25:46.739265] [info] SELECT * FROM uploads WHERE upload_id = :uploadId
[2018-04-11 21:25:46.752108] [info] SELECT * FROM uploads WHERE upload_id = :uploadId
[2018-04-11 21:25:46.763422] [info] SELECT * FROM uploads WHERE upload_id = :uploadId
[2018-04-11 21:25:46.776179] [info] SELECT * FROM uploads WHERE upload_id = :uploadId
[2018-04-11 21:25:46.778018] [info] SELECT * FROM post_tag WHERE post_id = :postId
[2018-04-11 21:25:46.792589] [info] SELECT * FROM post_tag WHERE post_id = :postId
[2018-04-11 21:25:46.809267] [info] SELECT * FROM comments WHERE com_id = :commentId
[2018-04-11 21:25:46.825787] [info] SELECT * FROM post_tag WHERE post_id = :postId
[2018-04-11 21:25:46.841922] [info] SELECT * FROM uploads WHERE upload_id = :uploadId
[2018-04-11 21:25:46.854943] [info] SELECT * FROM uploads WHERE upload_id = :uploadId
[2018-04-11 21:25:46.870273] [info] SELECT * FROM uploads WHERE upload_id = :uploadId
[2018-04-11 21:25:46.881633] [info] SELECT * FROM uploads WHERE upload_id = :uploadId
[2018-04-11 21:25:46.893763] [info] SELECT * FROM uploads WHERE upload_id = :uploadId
[2018-04-11 21:25:46.906272] [info] SELECT * FROM uploads WHERE upload_id = :uploadId
[2018-04-11 21:25:46.918442] [info] SELECT * FROM uploads WHERE upload_id = :uploadId
[2018-04-11 21:25:46.921099] [info] SELECT * FROM post_tag WHERE post_id = :postId
[2018-04-11 21:25:46.968024] [info] SELECT * FROM comments WHERE com_id = :commentId
[2018-04-11 21:25:46.984450] [info] SELECT * FROM post_tag WHERE post_id = :postId
[2018-04-11 21:25:46.999011] [info] SELECT * FROM uploads WHERE upload_id = :uploadId
[2018-04-11 21:25:47.012162] [info] SELECT * FROM uploads WHERE upload_id = :uploadId
[2018-04-11 21:25:47.024367] [info] SELECT * FROM uploads WHERE upload_id = :uploadId
[2018-04-11 21:25:47.037704] [info] SELECT * FROM uploads WHERE upload_id = :uploadId
[2018-04-11 21:25:47.039872] [info] SELECT * FROM post_tag WHERE post_id = :postId
[2018-04-11 21:25:47.056364] [info] SELECT * FROM post_tag WHERE post_id = :postId
[2018-04-11 21:25:47.072376] [info] SELECT * FROM comments WHERE com_id = :commentId
[2018-04-11 21:25:47.074692] [info] SELECT * FROM post_tag WHERE post_id = :postId
[2018-04-11 21:25:47.089649] [info] SELECT * FROM post_tag WHERE post_id = :postId
[2018-04-11 21:25:47.134926] [info] SELECT * FROM comments WHERE com_id = :commentId
[2018-04-11 21:25:47.152610] [info] SELECT * FROM users WHERE uid = :userId
[2018-04-11 21:25:47.168339] [info] SELECT * FROM users WHERE uid = :userId
[2018-04-11 21:25:47.169548] [info] SELECT * FROM post_tag WHERE post_id = :postId
[2018-04-11 21:25:47.186155] [info] SELECT * FROM comments WHERE com_id = :commentId
[2018-04-11 21:25:47.199295] [info] SELECT * FROM users WHERE uid = :userId
[2018-04-11 21:25:47.212816] [info] SELECT * FROM comments WHERE com_id = :commentId
[2018-04-11 21:25:47.228265] [info] SELECT * FROM comments WHERE com_id = :commentId
[2018-04-11 21:25:47.242605] [info] SELECT * FROM comments WHERE com_id = :commentId
[2018-04-11 21:25:47.256397] [info] SELECT * FROM users WHERE uid = :userId
[2018-04-11 21:25:47.269920] [info] SELECT * FROM comments WHERE com_id = :commentId
[2018-04-11 21:25:47.283616] [info] SELECT * FROM comments WHERE com_id = :commentId
[2018-04-11 21:25:47.296180] [info] SELECT * FROM comments WHERE com_id = :commentId
[2018-04-11 21:25:47.310019] [info] SELECT * FROM comments WHERE com_id = :commentId
[2018-04-11 21:25:47.324217] [info] SELECT * FROM comments WHERE com_id = :commentId
[2018-04-11 21:25:47.337433] [info] SELECT * FROM comments WHERE com_id = :commentId
[2018-04-11 21:25:47.351485] [info] SELECT * FROM comments WHERE com_id = :commentId
[2018-04-11 21:25:47.366359] [info] SELECT * FROM comments WHERE com_id = :commentId
[2018-04-11 21:25:47.382592] [info] SELECT * FROM comments WHERE com_id = :commentId
[2018-04-11 21:25:47.400300] [info] SELECT * FROM comments WHERE com_id = :commentId
[2018-04-11 21:25:47.420164] [info] SELECT * FROM comments WHERE com_id = :commentId
[2018-04-11 21:25:47.438191] [info] SELECT * FROM comments WHERE com_id = :commentId
[2018-04-11 21:25:47.442830] [info] SELECT * FROM post_tag WHERE post_id = :postId
[2018-04-11 21:25:47.461843] [info] SELECT * FROM page WHERE url = :url
[2018-04-11 21:25:47.476505] [info] SELECT * FROM page WHERE url = :url
[2018-04-11 21:25:47.501543] [info] SELECT * FROM advert ORDER BY title ASC
[2018-04-11 21:25:47.519958] [info] SELECT * FROM advert WHERE id = :id
[2018-04-11 21:25:47.521051] [info] SELECT * FROM advert_banner WHERE advert_id = :advertId ORDER BY id ASC
[2018-04-11 21:25:47.539166] [info] SELECT * FROM advert_banner WHERE id = :id
[2018-04-11 21:25:47.553982] [info] SELECT * FROM advert_banner WHERE id = :id
[2018-04-11 21:25:47.569602] [info] SELECT * FROM advert_banner WHERE id = :id
[2018-04-11 21:25:47.585398] [info] SELECT * FROM advert_banner WHERE id = :id
[2018-04-11 21:25:47.599806] [info] SELECT * FROM advert_banner WHERE id = :id
[2018-04-11 21:25:47.614670] [info] SELECT * FROM advert_banner WHERE id = :id
[2018-04-11 21:25:47.629437] [info] SELECT * FROM advert_banner WHERE id = :id
[2018-04-11 21:25:47.643673] [info] SELECT * FROM advert_banner WHERE id = :id
[2018-04-11 21:25:49.577373] [info] SELECT * FROM users WHERE uid = :userId
[2018-04-11 21:25:49.607095] [info] SELECT * FROM groups WHERE group_id = :groupId
[2018-04-11 21:25:49.626851] [info] SELECT * FROM groups WHERE group_id = :groupId
[2018-04-11 21:25:49.678956] [info] SELECT * FROM users WHERE is_active = 1 ORDER BY fname ASC
[2018-04-11 21:25:49.726507] [info] SELECT * FROM users WHERE uid = :userId
[2018-04-11 21:25:49.774029] [info] SELECT * FROM users WHERE uid = :userId
[2018-04-11 21:25:49.879761] [info] SELECT * FROM users WHERE uid = :userId
[2018-04-11 21:25:49.915440] [info] SELECT * FROM users WHERE uid = :userId
[2018-04-11 21:25:49.943363] [info] SELECT * FROM users WHERE uid = :userId
[2018-04-11 21:25:49.986413] [info] SELECT * FROM users WHERE uid = :userId
[2018-04-11 21:25:50.030304] [info] SELECT * FROM users WHERE uid = :userId
[2018-04-11 21:25:53.590673] [info] SELECT * FROM users WHERE is_active = 1 ORDER BY fname ASC
[2018-04-11 21:25:53.607580] [info] SELECT * FROM users WHERE uid = :userId
[2018-04-11 21:25:53.620255] [info] SELECT * FROM users WHERE uid = :userId
[2018-04-11 21:25:53.633982] [info] SELECT * FROM users WHERE uid = :userId
[2018-04-11 21:25:53.644567] [info] SELECT * FROM users WHERE uid = :userId
[2018-04-11 21:25:53.656873] [info] SELECT * FROM users WHERE uid = :userId
[2018-04-11 21:25:53.668317] [info] SELECT * FROM users WHERE uid = :userId
[2018-04-11 21:25:53.678803] [info] SELECT * FROM users WHERE uid = :userId
[2018-04-11 21:25:53.711056] [info] SELECT * FROM users WHERE is_active = 1 ORDER BY fname ASC
[2018-04-11 21:25:53.742266] [info] SELECT * FROM users WHERE uid = :userId
[2018-04-11 21:25:53.755323] [info] SELECT * FROM users WHERE uid = :userId
[2018-04-11 21:25:53.768909] [info] SELECT * FROM users WHERE uid = :userId
[2018-04-11 21:25:53.782375] [info] SELECT * FROM users WHERE uid = :userId
[2018-04-11 21:25:53.794624] [info] SELECT * FROM users WHERE uid = :userId
[2018-04-11 21:25:53.807810] [info] SELECT * FROM users WHERE uid = :userId
[2018-04-11 21:25:53.820909] [info] SELECT * FROM users WHERE uid = :userId
[2018-04-11 21:25:53.851066] [info] SELECT * FROM users WHERE uid = :userId
[2018-04-11 21:25:53.866466] [info] SELECT * FROM notifications WHERE user_id = :userId ORDER BY date_added DESC
[2018-04-11 21:25:54.042882] [info] SELECT * FROM users WHERE uid = :userId
[2018-04-11 21:25:57.595916] [info] SELECT * FROM users WHERE is_active = 1 ORDER BY fname ASC
[2018-04-11 21:25:57.613759] [info] SELECT * FROM users WHERE uid = :userId
[2018-04-11 21:25:57.625865] [info] SELECT * FROM users WHERE uid = :userId
[2018-04-11 21:25:57.637064] [info] SELECT * FROM users WHERE uid = :userId
[2018-04-11 21:25:57.650217] [info] SELECT * FROM users WHERE uid = :userId
[2018-04-11 21:25:57.662065] [info] SELECT * FROM users WHERE uid = :userId
[2018-04-11 21:25:57.675009] [info] SELECT * FROM users WHERE uid = :userId
[2018-04-11 21:25:57.688172] [info] SELECT * FROM users WHERE uid = :userId
[2018-04-11 21:25:57.717686] [info] SELECT * FROM users WHERE is_active = 1 ORDER BY fname ASC
[2018-04-11 21:25:57.743305] [info] SELECT * FROM users WHERE uid = :userId
[2018-04-11 21:25:57.756598] [info] SELECT * FROM users WHERE uid = :userId
[2018-04-11 21:25:57.770998] [info] SELECT * FROM users WHERE uid = :userId
[2018-04-11 21:25:57.784008] [info] SELECT * FROM users WHERE uid = :userId
[2018-04-11 21:25:57.797980] [info] SELECT * FROM users WHERE uid = :userId
[2018-04-11 21:25:57.810806] [info] SELECT * FROM users WHERE uid = :userId
[2018-04-11 21:25:57.824788] [info] SELECT * FROM users WHERE uid = :userId
[2018-04-11 21:25:57.860096] [info] SELECT * FROM users WHERE uid = :userId
[2018-04-11 21:25:57.879175] [info] SELECT * FROM notifications WHERE user_id = :userId ORDER BY date_added DESC
[2018-04-11 21:25:57.918551] [info] SELECT * FROM users WHERE uid = :userId
[2018-04-11 21:26:01.620630] [info] SELECT * FROM users WHERE is_active = 1 ORDER BY fname ASC
[2018-04-11 21:26:01.642899] [info] SELECT * FROM users WHERE uid = :userId
[2018-04-11 21:26:01.657871] [info] SELECT * FROM users WHERE uid = :userId
[2018-04-11 21:26:01.671752] [info] SELECT * FROM users WHERE uid = :userId
[2018-04-11 21:26:01.683943] [info] SELECT * FROM users WHERE uid = :userId
[2018-04-11 21:26:01.696058] [info] SELECT * FROM users WHERE uid = :userId
[2018-04-11 21:26:01.709517] [info] SELECT * FROM users WHERE uid = :userId
[2018-04-11 21:26:01.723721] [info] SELECT * FROM users WHERE uid = :userId
[2018-04-11 21:26:01.757251] [info] SELECT * FROM users WHERE is_active = 1 ORDER BY fname ASC
[2018-04-11 21:26:01.786504] [info] SELECT * FROM users WHERE uid = :userId
[2018-04-11 21:26:01.800021] [info] SELECT * FROM users WHERE uid = :userId
[2018-04-11 21:26:01.816181] [info] SELECT * FROM users WHERE uid = :userId
[2018-04-11 21:26:01.830696] [info] SELECT * FROM users WHERE uid = :userId
[2018-04-11 21:26:01.845988] [info] SELECT * FROM users WHERE uid = :userId
[2018-04-11 21:26:01.860392] [info] SELECT * FROM users WHERE uid = :userId
[2018-04-11 21:26:01.874027] [info] SELECT * FROM users WHERE uid = :userId
[2018-04-11 21:26:01.914237] [info] SELECT * FROM users WHERE uid = :userId
[2018-04-11 21:26:02.058229] [info] SELECT * FROM users WHERE uid = :userId
[2018-04-11 21:26:02.072247] [info] SELECT * FROM notifications WHERE user_id = :userId ORDER BY date_added DESC
[2018-04-11 21:26:05.637892] [info] SELECT * FROM users WHERE uid = :userId
[2018-04-11 21:26:05.658330] [info] SELECT * FROM notifications WHERE user_id = :userId ORDER BY date_added DESC
[2018-04-11 21:26:05.695581] [info] SELECT * FROM users WHERE uid = :userId
[2018-04-11 21:26:05.722013] [info] SELECT * FROM users WHERE is_active = 1 ORDER BY fname ASC
[2018-04-11 21:26:05.737277] [info] SELECT * FROM users WHERE uid = :userId
[2018-04-11 21:26:05.748692] [info] SELECT * FROM users WHERE uid = :userId
[2018-04-11 21:26:05.759259] [info] SELECT * FROM users WHERE uid = :userId
[2018-04-11 21:26:05.771816] [info] SELECT * FROM users WHERE uid = :userId
[2018-04-11 21:26:05.784913] [info] SELECT * FROM users WHERE uid = :userId
[2018-04-11 21:26:05.795239] [info] SELECT * FROM users WHERE uid = :userId
[2018-04-11 21:26:05.808695] [info] SELECT * FROM users WHERE uid = :userId
[2018-04-11 21:26:05.837497] [info] SELECT * FROM users WHERE is_active = 1 ORDER BY fname ASC
[2018-04-11 21:26:05.870003] [info] SELECT * FROM users WHERE uid = :userId
[2018-04-11 21:26:05.886053] [info] SELECT * FROM users WHERE uid = :userId
[2018-04-11 21:26:05.898633] [info] SELECT * FROM users WHERE uid = :userId
[2018-04-11 21:26:05.909302] [info] SELECT * FROM users WHERE uid = :userId
[2018-04-11 21:26:05.920970] [info] SELECT * FROM users WHERE uid = :userId
[2018-04-11 21:26:05.932683] [info] SELECT * FROM users WHERE uid = :userId
[2018-04-11 21:26:05.943505] [info] SELECT * FROM users WHERE uid = :userId
[2018-04-11 21:26:09.646219] [info] SELECT * FROM users WHERE is_active = 1 ORDER BY fname ASC
[2018-04-11 21:26:09.664797] [info] SELECT * FROM users WHERE uid = :userId
[2018-04-11 21:26:09.682234] [info] SELECT * FROM users WHERE uid = :userId
[2018-04-11 21:26:09.701523] [info] SELECT * FROM users WHERE uid = :userId
[2018-04-11 21:26:09.717871] [info] SELECT * FROM users WHERE uid = :userId
[2018-04-11 21:26:09.733839] [info] SELECT * FROM users WHERE uid = :userId
[2018-04-11 21:26:09.747870] [info] SELECT * FROM users WHERE uid = :userId
[2018-04-11 21:26:09.763134] [info] SELECT * FROM users WHERE uid = :userId
[2018-04-11 21:26:09.797682] [info] SELECT * FROM users WHERE is_active = 1 ORDER BY fname ASC
[2018-04-11 21:26:09.826345] [info] SELECT * FROM users WHERE uid = :userId
[2018-04-11 21:26:09.838479] [info] SELECT * FROM users WHERE uid = :userId
[2018-04-11 21:26:09.852422] [info] SELECT * FROM users WHERE uid = :userId
[2018-04-11 21:26:09.868403] [info] SELECT * FROM users WHERE uid = :userId
[2018-04-11 21:26:09.882899] [info] SELECT * FROM users WHERE uid = :userId
[2018-04-11 21:26:09.898737] [info] SELECT * FROM users WHERE uid = :userId
[2018-04-11 21:26:09.911400] [info] SELECT * FROM users WHERE uid = :userId
[2018-04-11 21:26:09.944016] [info] SELECT * FROM users WHERE uid = :userId
[2018-04-11 21:26:09.963862] [info] SELECT * FROM notifications WHERE user_id = :userId ORDER BY date_added DESC
[2018-04-11 21:26:10.208785] [info] SELECT * FROM users WHERE uid = :userId
[2018-04-11 21:26:13.647594] [info] SELECT * FROM users WHERE is_active = 1 ORDER BY fname ASC
[2018-04-11 21:26:13.663899] [info] SELECT * FROM users WHERE uid = :userId
[2018-04-11 21:26:13.675873] [info] SELECT * FROM users WHERE uid = :userId
[2018-04-11 21:26:13.686372] [info] SELECT * FROM users WHERE uid = :userId
[2018-04-11 21:26:13.698744] [info] SELECT * FROM users WHERE uid = :userId
[2018-04-11 21:26:13.710465] [info] SELECT * FROM users WHERE uid = :userId
[2018-04-11 21:26:13.723426] [info] SELECT * FROM users WHERE uid = :userId
[2018-04-11 21:26:13.734206] [info] SELECT * FROM users WHERE uid = :userId
[2018-04-11 21:26:13.764373] [info] SELECT * FROM users WHERE is_active = 1 ORDER BY fname ASC
[2018-04-11 21:26:13.797018] [info] SELECT * FROM users WHERE uid = :userId
[2018-04-11 21:26:13.811775] [info] SELECT * FROM users WHERE uid = :userId
[2018-04-11 21:26:13.824886] [info] SELECT * FROM users WHERE uid = :userId
[2018-04-11 21:26:13.835830] [info] SELECT * FROM users WHERE uid = :userId
[2018-04-11 21:26:13.848805] [info] SELECT * FROM users WHERE uid = :userId
[2018-04-11 21:26:13.860481] [info] SELECT * FROM users WHERE uid = :userId
[2018-04-11 21:26:13.873558] [info] SELECT * FROM users WHERE uid = :userId
[2018-04-11 21:26:13.900942] [info] SELECT * FROM users WHERE uid = :userId
[2018-04-11 21:26:13.916872] [info] SELECT * FROM notifications WHERE user_id = :userId ORDER BY date_added DESC
[2018-04-11 21:26:13.954097] [info] SELECT * FROM users WHERE uid = :userId
[2018-04-11 21:26:17.655965] [info] SELECT * FROM users WHERE is_active = 1 ORDER BY fname ASC
[2018-04-11 21:26:17.672986] [info] SELECT * FROM users WHERE uid = :userId
[2018-04-11 21:26:17.684961] [info] SELECT * FROM users WHERE uid = :userId
[2018-04-11 21:26:17.696175] [info] SELECT * FROM users WHERE uid = :userId
[2018-04-11 21:26:17.709105] [info] SELECT * FROM users WHERE uid = :userId
[2018-04-11 21:26:17.722418] [info] SELECT * FROM users WHERE uid = :userId
[2018-04-11 21:26:17.733701] [info] SELECT * FROM users WHERE uid = :userId
[2018-04-11 21:26:17.744338] [info] SELECT * FROM users WHERE uid = :userId
[2018-04-11 21:26:17.774254] [info] SELECT * FROM users WHERE is_active = 1 ORDER BY fname ASC
[2018-04-11 21:26:17.794152] [info] SELECT * FROM users WHERE uid = :userId
[2018-04-11 21:26:17.808619] [info] SELECT * FROM users WHERE uid = :userId
[2018-04-11 21:26:17.821099] [info] SELECT * FROM users WHERE uid = :userId
[2018-04-11 21:26:17.832029] [info] SELECT * FROM users WHERE uid = :userId
[2018-04-11 21:26:17.842083] [info] SELECT * FROM users WHERE uid = :userId
[2018-04-11 21:26:17.854573] [info] SELECT * FROM users WHERE uid = :userId
[2018-04-11 21:26:17.866475] [info] SELECT * FROM users WHERE uid = :userId
[2018-04-11 21:26:17.895129] [info] SELECT * FROM users WHERE uid = :userId
[2018-04-11 21:26:17.911097] [info] SELECT * FROM notifications WHERE user_id = :userId ORDER BY date_added DESC
[2018-04-11 21:26:17.945686] [info] SELECT * FROM users WHERE uid = :userId
[2018-04-11 21:26:21.665570] [info] SELECT * FROM users WHERE is_active = 1 ORDER BY fname ASC
[2018-04-11 21:26:21.689091] [info] SELECT * FROM users WHERE uid = :userId
[2018-04-11 21:26:21.704309] [info] SELECT * FROM users WHERE uid = :userId
[2018-04-11 21:26:21.717645] [info] SELECT * FROM users WHERE uid = :userId
[2018-04-11 21:26:21.731837] [info] SELECT * FROM users WHERE uid = :userId
[2018-04-11 21:26:21.744730] [info] SELECT * FROM users WHERE uid = :userId
[2018-04-11 21:26:21.755330] [info] SELECT * FROM users WHERE uid = :userId
[2018-04-11 21:26:21.768229] [info] SELECT * FROM users WHERE uid = :userId
[2018-04-11 21:26:21.800071] [info] SELECT * FROM users WHERE is_active = 1 ORDER BY fname ASC
[2018-04-11 21:26:21.823960] [info] SELECT * FROM users WHERE uid = :userId
[2018-04-11 21:26:21.835624] [info] SELECT * FROM users WHERE uid = :userId
[2018-04-11 21:26:21.847413] [info] SELECT * FROM users WHERE uid = :userId
[2018-04-11 21:26:21.858413] [info] SELECT * FROM users WHERE uid = :userId
[2018-04-11 21:26:21.872206] [info] SELECT * FROM users WHERE uid = :userId
[2018-04-11 21:26:21.886104] [info] SELECT * FROM users WHERE uid = :userId
[2018-04-11 21:26:21.898140] [info] SELECT * FROM users WHERE uid = :userId
[2018-04-11 21:26:21.928726] [info] SELECT * FROM users WHERE uid = :userId
[2018-04-11 21:26:21.947009] [info] SELECT * FROM notifications WHERE user_id = :userId ORDER BY date_added DESC
[2018-04-11 21:26:22.011662] [info] SELECT * FROM users WHERE uid = :userId
[2018-04-11 21:26:25.682945] [info] SELECT * FROM users WHERE is_active = 1 ORDER BY fname ASC
[2018-04-11 21:26:25.701246] [info] SELECT * FROM users WHERE uid = :userId
[2018-04-11 21:26:25.713704] [info] SELECT * FROM users WHERE uid = :userId
[2018-04-11 21:26:25.728163] [info] SELECT * FROM users WHERE uid = :userId
[2018-04-11 21:26:25.739912] [info] SELECT * FROM users WHERE uid = :userId
[2018-04-11 21:26:25.753782] [info] SELECT * FROM users WHERE uid = :userId
[2018-04-11 21:26:25.767421] [info] SELECT * FROM users WHERE uid = :userId
[2018-04-11 21:26:25.780718] [info] SELECT * FROM users WHERE uid = :userId
[2018-04-11 21:26:25.813141] [info] SELECT * FROM users WHERE is_active = 1 ORDER BY fname ASC
[2018-04-11 21:26:25.839168] [info] SELECT * FROM users WHERE uid = :userId
[2018-04-11 21:26:25.852858] [info] SELECT * FROM users WHERE uid = :userId
[2018-04-11 21:26:25.866358] [info] SELECT * FROM users WHERE uid = :userId
[2018-04-11 21:26:25.880122] [info] SELECT * FROM users WHERE uid = :userId
[2018-04-11 21:26:25.895252] [info] SELECT * FROM users WHERE uid = :userId
[2018-04-11 21:26:25.908821] [info] SELECT * FROM users WHERE uid = :userId
[2018-04-11 21:26:25.920403] [info] SELECT * FROM users WHERE uid = :userId
[2018-04-11 21:26:25.947161] [info] SELECT * FROM users WHERE uid = :userId
[2018-04-11 21:26:25.962793] [info] SELECT * FROM notifications WHERE user_id = :userId ORDER BY date_added DESC
[2018-04-11 21:26:25.996696] [info] SELECT * FROM users WHERE uid = :userId
[2018-04-11 21:26:29.686542] [info] SELECT * FROM users WHERE is_active = 1 ORDER BY fname ASC
[2018-04-11 21:26:29.703171] [info] SELECT * FROM users WHERE uid = :userId
[2018-04-11 21:26:29.713356] [info] SELECT * FROM users WHERE uid = :userId
[2018-04-11 21:26:29.725724] [info] SELECT * FROM users WHERE uid = :userId
[2018-04-11 21:26:29.737901] [info] SELECT * FROM users WHERE uid = :userId
[2018-04-11 21:26:29.748372] [info] SELECT * FROM users WHERE uid = :userId
[2018-04-11 21:26:29.758905] [info] SELECT * FROM users WHERE uid = :userId
[2018-04-11 21:26:29.770824] [info] SELECT * FROM users WHERE uid = :userId
[2018-04-11 21:26:29.796875] [info] SELECT * FROM users WHERE is_active = 1 ORDER BY fname ASC
[2018-04-11 21:26:29.824796] [info] SELECT * FROM users WHERE uid = :userId
[2018-04-11 21:26:29.836586] [info] SELECT * FROM users WHERE uid = :userId
[2018-04-11 21:26:29.846352] [info] SELECT * FROM users WHERE uid = :userId
[2018-04-11 21:26:29.859632] [info] SELECT * FROM users WHERE uid = :userId
[2018-04-11 21:26:29.871337] [info] SELECT * FROM users WHERE uid = :userId
[2018-04-11 21:26:29.884591] [info] SELECT * FROM users WHERE uid = :userId
[2018-04-11 21:26:29.894500] [info] SELECT * FROM users WHERE uid = :userId
[2018-04-11 21:26:29.921699] [info] SELECT * FROM users WHERE uid = :userId
[2018-04-11 21:26:29.936244] [info] SELECT * FROM notifications WHERE user_id = :userId ORDER BY date_added DESC
[2018-04-11 21:26:29.974505] [info] SELECT * FROM users WHERE uid = :userId
[2018-04-11 21:26:33.695434] [info] SELECT * FROM users WHERE is_active = 1 ORDER BY fname ASC
[2018-04-11 21:26:33.709364] [info] SELECT * FROM users WHERE uid = :userId
[2018-04-11 21:26:33.721247] [info] SELECT * FROM users WHERE uid = :userId
[2018-04-11 21:26:33.733285] [info] SELECT * FROM users WHERE uid = :userId
[2018-04-11 21:26:33.744858] [info] SELECT * FROM users WHERE uid = :userId
[2018-04-11 21:26:33.754291] [info] SELECT * FROM users WHERE uid = :userId
[2018-04-11 21:26:33.766139] [info] SELECT * FROM users WHERE uid = :userId
[2018-04-11 21:26:33.775829] [info] SELECT * FROM users WHERE uid = :userId
[2018-04-11 21:26:33.804352] [info] SELECT * FROM users WHERE is_active = 1 ORDER BY fname ASC
[2018-04-11 21:26:33.827740] [info] SELECT * FROM users WHERE uid = :userId
[2018-04-11 21:26:33.838826] [info] SELECT * FROM users WHERE uid = :userId
[2018-04-11 21:26:33.851155] [info] SELECT * FROM users WHERE uid = :userId
[2018-04-11 21:26:33.862112] [info] SELECT * FROM users WHERE uid = :userId
[2018-04-11 21:26:33.873433] [info] SELECT * FROM users WHERE uid = :userId
[2018-04-11 21:26:33.885720] [info] SELECT * FROM users WHERE uid = :userId
[2018-04-11 21:26:33.897149] [info] SELECT * FROM users WHERE uid = :userId
[2018-04-11 21:26:33.923715] [info] SELECT * FROM users WHERE uid = :userId
[2018-04-11 21:26:33.938577] [info] SELECT * FROM notifications WHERE user_id = :userId ORDER BY date_added DESC
[2018-04-11 21:26:33.973197] [info] SELECT * FROM users WHERE uid = :userId
[2018-04-11 21:26:37.699575] [info] SELECT * FROM users WHERE is_active = 1 ORDER BY fname ASC
[2018-04-11 21:26:37.715380] [info] SELECT * FROM users WHERE uid = :userId
[2018-04-11 21:26:37.728754] [info] SELECT * FROM users WHERE uid = :userId
[2018-04-11 21:26:37.738997] [info] SELECT * FROM users WHERE uid = :userId
[2018-04-11 21:26:37.751092] [info] SELECT * FROM users WHERE uid = :userId
[2018-04-11 21:26:37.764235] [info] SELECT * FROM users WHERE uid = :userId
[2018-04-11 21:26:37.775801] [info] SELECT * FROM users WHERE uid = :userId
[2018-04-11 21:26:37.787982] [info] SELECT * FROM users WHERE uid = :userId
[2018-04-11 21:26:37.824470] [info] SELECT * FROM users WHERE is_active = 1 ORDER BY fname ASC
[2018-04-11 21:26:37.845855] [info] SELECT * FROM users WHERE uid = :userId
[2018-04-11 21:26:37.859981] [info] SELECT * FROM users WHERE uid = :userId
[2018-04-11 21:26:37.871587] [info] SELECT * FROM users WHERE uid = :userId
[2018-04-11 21:26:37.886229] [info] SELECT * FROM users WHERE uid = :userId
[2018-04-11 21:26:37.899302] [info] SELECT * FROM users WHERE uid = :userId
[2018-04-11 21:26:37.910391] [info] SELECT * FROM users WHERE uid = :userId
[2018-04-11 21:26:37.925513] [info] SELECT * FROM users WHERE uid = :userId
[2018-04-11 21:26:37.951561] [info] SELECT * FROM users WHERE uid = :userId
[2018-04-11 21:26:37.967103] [info] SELECT * FROM notifications WHERE user_id = :userId ORDER BY date_added DESC
[2018-04-11 21:26:38.002579] [info] SELECT * FROM users WHERE uid = :userId
[2018-04-11 21:26:41.707953] [info] SELECT * FROM users WHERE is_active = 1 ORDER BY fname ASC
[2018-04-11 21:26:41.724669] [info] SELECT * FROM users WHERE uid = :userId
[2018-04-11 21:26:41.736860] [info] SELECT * FROM users WHERE uid = :userId
[2018-04-11 21:26:41.747598] [info] SELECT * FROM users WHERE uid = :userId
[2018-04-11 21:26:41.758590] [info] SELECT * FROM users WHERE uid = :userId
[2018-04-11 21:26:41.770700] [info] SELECT * FROM users WHERE uid = :userId
[2018-04-11 21:26:41.779992] [info] SELECT * FROM users WHERE uid = :userId
[2018-04-11 21:26:41.790951] [info] SELECT * FROM users WHERE uid = :userId
[2018-04-11 21:26:41.818351] [info] SELECT * FROM users WHERE is_active = 1 ORDER BY fname ASC
[2018-04-11 21:26:41.853399] [info] SELECT * FROM users WHERE uid = :userId
[2018-04-11 21:26:41.873486] [info] SELECT * FROM users WHERE uid = :userId
[2018-04-11 21:26:41.893744] [info] SELECT * FROM users WHERE uid = :userId
[2018-04-11 21:26:41.904978] [info] SELECT * FROM users WHERE uid = :userId
[2018-04-11 21:26:41.915760] [info] SELECT * FROM users WHERE uid = :userId
[2018-04-11 21:26:41.928092] [info] SELECT * FROM users WHERE uid = :userId
[2018-04-11 21:26:41.939429] [info] SELECT * FROM users WHERE uid = :userId
[2018-04-11 21:26:41.964365] [info] SELECT * FROM users WHERE uid = :userId
[2018-04-11 21:26:41.979846] [info] SELECT * FROM notifications WHERE user_id = :userId ORDER BY date_added DESC
[2018-04-11 21:26:42.013525] [info] SELECT * FROM users WHERE uid = :userId
[2018-04-11 21:26:45.722182] [info] SELECT * FROM users WHERE is_active = 1 ORDER BY fname ASC
[2018-04-11 21:26:45.738456] [info] SELECT * FROM users WHERE uid = :userId
[2018-04-11 21:26:45.750046] [info] SELECT * FROM users WHERE uid = :userId
[2018-04-11 21:26:45.762320] [info] SELECT * FROM users WHERE uid = :userId
[2018-04-11 21:26:45.772110] [info] SELECT * FROM users WHERE uid = :userId
[2018-04-11 21:26:45.784789] [info] SELECT * FROM users WHERE uid = :userId
[2018-04-11 21:26:45.795207] [info] SELECT * FROM users WHERE uid = :userId
[2018-04-11 21:26:45.807461] [info] SELECT * FROM users WHERE uid = :userId
[2018-04-11 21:26:45.835946] [info] SELECT * FROM users WHERE is_active = 1 ORDER BY fname ASC
[2018-04-11 21:26:45.866667] [info] SELECT * FROM users WHERE uid = :userId
[2018-04-11 21:26:45.880877] [info] SELECT * FROM users WHERE uid = :userId
[2018-04-11 21:26:45.893516] [info] SELECT * FROM users WHERE uid = :userId
[2018-04-11 21:26:45.908423] [info] SELECT * FROM users WHERE uid = :userId
[2018-04-11 21:26:45.920666] [info] SELECT * FROM users WHERE uid = :userId
[2018-04-11 21:26:45.931829] [info] SELECT * FROM users WHERE uid = :userId
[2018-04-11 21:26:45.941642] [info] SELECT * FROM users WHERE uid = :userId
[2018-04-11 21:26:45.969777] [info] SELECT * FROM users WHERE uid = :userId
[2018-04-11 21:26:45.984010] [info] SELECT * FROM notifications WHERE user_id = :userId ORDER BY date_added DESC
[2018-04-11 21:26:46.023303] [info] SELECT * FROM users WHERE uid = :userId
[2018-04-11 21:26:49.739573] [info] SELECT * FROM users WHERE is_active = 1 ORDER BY fname ASC
[2018-04-11 21:26:49.759538] [info] SELECT * FROM users WHERE uid = :userId
[2018-04-11 21:26:49.771415] [info] SELECT * FROM users WHERE uid = :userId
[2018-04-11 21:26:49.784763] [info] SELECT * FROM users WHERE uid = :userId
[2018-04-11 21:26:49.797940] [info] SELECT * FROM users WHERE uid = :userId
[2018-04-11 21:26:49.812213] [info] SELECT * FROM users WHERE uid = :userId
[2018-04-11 21:26:49.825488] [info] SELECT * FROM users WHERE uid = :userId
[2018-04-11 21:26:49.836157] [info] SELECT * FROM users WHERE uid = :userId
[2018-04-11 21:26:49.899113] [info] SELECT * FROM users WHERE is_active = 1 ORDER BY fname ASC
[2018-04-11 21:26:49.917757] [info] SELECT * FROM users WHERE uid = :userId
[2018-04-11 21:26:49.933254] [info] SELECT * FROM users WHERE uid = :userId
[2018-04-11 21:26:49.952063] [info] SELECT * FROM users WHERE uid = :userId
[2018-04-11 21:26:49.967994] [info] SELECT * FROM users WHERE uid = :userId
[2018-04-11 21:26:49.984595] [info] SELECT * FROM users WHERE uid = :userId
[2018-04-11 21:26:50.001780] [info] SELECT * FROM users WHERE uid = :userId
[2018-04-11 21:26:50.020226] [info] SELECT * FROM users WHERE uid = :userId
[2018-04-11 21:26:50.078697] [info] SELECT * FROM users WHERE uid = :userId
[2018-04-11 21:26:50.117120] [info] SELECT * FROM notifications WHERE user_id = :userId ORDER BY date_added DESC
[2018-04-11 21:26:50.169915] [info] SELECT * FROM users WHERE uid = :userId
[2018-04-11 21:26:53.739042] [info] SELECT * FROM users WHERE is_active = 1 ORDER BY fname ASC
[2018-04-11 21:26:53.755007] [info] SELECT * FROM users WHERE uid = :userId
[2018-04-11 21:26:53.765360] [info] SELECT * FROM users WHERE uid = :userId
[2018-04-11 21:26:53.777787] [info] SELECT * FROM users WHERE uid = :userId
[2018-04-11 21:26:53.789166] [info] SELECT * FROM users WHERE uid = :userId
[2018-04-11 21:26:53.798913] [info] SELECT * FROM users WHERE uid = :userId
[2018-04-11 21:26:53.811292] [info] SELECT * FROM users WHERE uid = :userId
[2018-04-11 21:26:53.823163] [info] SELECT * FROM users WHERE uid = :userId
[2018-04-11 21:26:53.852566] [info] SELECT * FROM users WHERE is_active = 1 ORDER BY fname ASC
[2018-04-11 21:26:53.877356] [info] SELECT * FROM users WHERE uid = :userId
[2018-04-11 21:26:53.889374] [info] SELECT * FROM users WHERE uid = :userId
[2018-04-11 21:26:53.898725] [info] SELECT * FROM users WHERE uid = :userId
[2018-04-11 21:26:53.909307] [info] SELECT * FROM users WHERE uid = :userId
[2018-04-11 21:26:53.921660] [info] SELECT * FROM users WHERE uid = :userId
[2018-04-11 21:26:53.932451] [info] SELECT * FROM users WHERE uid = :userId
[2018-04-11 21:26:53.943101] [info] SELECT * FROM users WHERE uid = :userId
[2018-04-11 21:26:53.968389] [info] SELECT * FROM users WHERE uid = :userId
[2018-04-11 21:26:53.981632] [info] SELECT * FROM notifications WHERE user_id = :userId ORDER BY date_added DESC
[2018-04-11 21:26:54.013077] [info] SELECT * FROM users WHERE uid = :userId
[2018-04-11 21:26:57.743500] [info] SELECT * FROM users WHERE is_active = 1 ORDER BY fname ASC
[2018-04-11 21:26:57.760449] [info] SELECT * FROM users WHERE uid = :userId
[2018-04-11 21:26:57.771568] [info] SELECT * FROM users WHERE uid = :userId
[2018-04-11 21:26:57.783677] [info] SELECT * FROM users WHERE uid = :userId
[2018-04-11 21:26:57.793006] [info] SELECT * FROM users WHERE uid = :userId
[2018-04-11 21:26:57.805042] [info] SELECT * FROM users WHERE uid = :userId
[2018-04-11 21:26:57.815892] [info] SELECT * FROM users WHERE uid = :userId
[2018-04-11 21:26:57.826163] [info] SELECT * FROM users WHERE uid = :userId
[2018-04-11 21:26:57.852684] [info] SELECT * FROM users WHERE is_active = 1 ORDER BY fname ASC
[2018-04-11 21:26:57.873197] [info] SELECT * FROM users WHERE uid = :userId
[2018-04-11 21:26:57.886794] [info] SELECT * FROM users WHERE uid = :userId
[2018-04-11 21:26:57.898614] [info] SELECT * FROM users WHERE uid = :userId
[2018-04-11 21:26:57.908267] [info] SELECT * FROM users WHERE uid = :userId
[2018-04-11 21:26:57.918983] [info] SELECT * FROM users WHERE uid = :userId
[2018-04-11 21:26:57.927490] [info] SELECT * FROM users WHERE uid = :userId
[2018-04-11 21:26:57.937165] [info] SELECT * FROM users WHERE uid = :userId
[2018-04-11 21:26:57.960053] [info] SELECT * FROM users WHERE uid = :userId
[2018-04-11 21:26:57.972501] [info] SELECT * FROM notifications WHERE user_id = :userId ORDER BY date_added DESC
[2018-04-11 21:26:58.005544] [info] SELECT * FROM users WHERE uid = :userId
[2018-04-11 21:27:01.755899] [info] SELECT * FROM users WHERE is_active = 1 ORDER BY fname ASC
[2018-04-11 21:27:01.770212] [info] SELECT * FROM users WHERE uid = :userId
[2018-04-11 21:27:01.782042] [info] SELECT * FROM users WHERE uid = :userId
[2018-04-11 21:27:01.793097] [info] SELECT * FROM users WHERE uid = :userId
[2018-04-11 21:27:01.804002] [info] SELECT * FROM users WHERE uid = :userId
[2018-04-11 21:27:01.814687] [info] SELECT * FROM users WHERE uid = :userId
[2018-04-11 21:27:01.825289] [info] SELECT * FROM users WHERE uid = :userId
[2018-04-11 21:27:01.834593] [info] SELECT * FROM users WHERE uid = :userId
[2018-04-11 21:27:01.860829] [info] SELECT * FROM users WHERE is_active = 1 ORDER BY fname ASC
[2018-04-11 21:27:01.892672] [info] SELECT * FROM users WHERE uid = :userId
[2018-04-11 21:27:01.902053] [info] SELECT * FROM users WHERE uid = :userId
[2018-04-11 21:27:01.911974] [info] SELECT * FROM users WHERE uid = :userId
[2018-04-11 21:27:01.921427] [info] SELECT * FROM users WHERE uid = :userId
[2018-04-11 21:27:01.933312] [info] SELECT * FROM users WHERE uid = :userId
[2018-04-11 21:27:01.942935] [info] SELECT * FROM users WHERE uid = :userId
[2018-04-11 21:27:01.952413] [info] SELECT * FROM users WHERE uid = :userId
[2018-04-11 21:27:01.981475] [info] SELECT * FROM users WHERE uid = :userId
[2018-04-11 21:27:02.002950] [info] SELECT * FROM users WHERE uid = :userId
[2018-04-11 21:27:02.018646] [info] SELECT * FROM notifications WHERE user_id = :userId ORDER BY date_added DESC
[2018-04-11 21:27:05.759464] [info] SELECT * FROM users WHERE is_active = 1 ORDER BY fname ASC
[2018-04-11 21:27:05.773123] [info] SELECT * FROM users WHERE uid = :userId
[2018-04-11 21:27:05.782648] [info] SELECT * FROM users WHERE uid = :userId
[2018-04-11 21:27:05.792083] [info] SELECT * FROM users WHERE uid = :userId
[2018-04-11 21:27:05.800936] [info] SELECT * FROM users WHERE uid = :userId
[2018-04-11 21:27:05.811541] [info] SELECT * FROM users WHERE uid = :userId
[2018-04-11 21:27:05.821857] [info] SELECT * FROM users WHERE uid = :userId
[2018-04-11 21:27:05.830792] [info] SELECT * FROM users WHERE uid = :userId
[2018-04-11 21:27:05.856398] [info] SELECT * FROM users WHERE is_active = 1 ORDER BY fname ASC
[2018-04-11 21:27:05.875387] [info] SELECT * FROM users WHERE uid = :userId
[2018-04-11 21:27:05.886497] [info] SELECT * FROM users WHERE uid = :userId
[2018-04-11 21:27:05.897955] [info] SELECT * FROM users WHERE uid = :userId
[2018-04-11 21:27:05.909167] [info] SELECT * FROM users WHERE uid = :userId
[2018-04-11 21:27:05.919563] [info] SELECT * FROM users WHERE uid = :userId
[2018-04-11 21:27:05.928446] [info] SELECT * FROM users WHERE uid = :userId
[2018-04-11 21:27:05.938843] [info] SELECT * FROM users WHERE uid = :userId
[2018-04-11 21:27:05.969866] [info] SELECT * FROM users WHERE uid = :userId
[2018-04-11 21:27:05.979753] [info] SELECT * FROM notifications WHERE user_id = :userId ORDER BY date_added DESC
[2018-04-11 21:27:06.009345] [info] SELECT * FROM users WHERE uid = :userId
[2018-04-11 21:27:09.770279] [info] SELECT * FROM users WHERE is_active = 1 ORDER BY fname ASC
[2018-04-11 21:27:09.783683] [info] SELECT * FROM users WHERE uid = :userId
[2018-04-11 21:27:09.793471] [info] SELECT * FROM users WHERE uid = :userId
[2018-04-11 21:27:09.804265] [info] SELECT * FROM users WHERE uid = :userId
[2018-04-11 21:27:09.814748] [info] SELECT * FROM users WHERE uid = :userId
[2018-04-11 21:27:09.824913] [info] SELECT * FROM users WHERE uid = :userId
[2018-04-11 21:27:09.835326] [info] SELECT * FROM users WHERE uid = :userId
[2018-04-11 21:27:09.844969] [info] SELECT * FROM users WHERE uid = :userId
[2018-04-11 21:27:09.867185] [info] SELECT * FROM users WHERE uid = :userId
[2018-04-11 21:27:09.878556] [info] SELECT * FROM notifications WHERE user_id = :userId ORDER BY date_added DESC
[2018-04-11 21:27:09.903834] [info] SELECT * FROM users WHERE is_active = 1 ORDER BY fname ASC
[2018-04-11 21:27:09.917308] [info] SELECT * FROM users WHERE uid = :userId
[2018-04-11 21:27:09.927257] [info] SELECT * FROM users WHERE uid = :userId
[2018-04-11 21:27:09.937710] [info] SELECT * FROM users WHERE uid = :userId
[2018-04-11 21:27:09.948199] [info] SELECT * FROM users WHERE uid = :userId
[2018-04-11 21:27:09.957997] [info] SELECT * FROM users WHERE uid = :userId
[2018-04-11 21:27:09.968416] [info] SELECT * FROM users WHERE uid = :userId
[2018-04-11 21:27:09.978847] [info] SELECT * FROM users WHERE uid = :userId
[2018-04-11 21:27:10.021352] [info] SELECT * FROM users WHERE uid = :userId
[2018-04-11 21:27:14.762290] [info] SELECT * FROM users WHERE is_active = 1 ORDER BY fname ASC
[2018-04-11 21:27:14.774379] [info] SELECT * FROM users WHERE uid = :userId
[2018-04-11 21:27:14.781364] [info] SELECT * FROM users WHERE uid = :userId
[2018-04-11 21:27:14.788844] [info] SELECT * FROM users WHERE uid = :userId
[2018-04-11 21:27:14.795605] [info] SELECT * FROM users WHERE uid = :userId
[2018-04-11 21:27:14.802486] [info] SELECT * FROM users WHERE uid = :userId
[2018-04-11 21:27:14.809659] [info] SELECT * FROM users WHERE uid = :userId
[2018-04-11 21:27:14.816313] [info] SELECT * FROM users WHERE uid = :userId
[2018-04-11 21:27:14.846999] [info] SELECT * FROM users WHERE is_active = 1 ORDER BY fname ASC
[2018-04-11 21:27:14.865345] [info] SELECT * FROM users WHERE uid = :userId
[2018-04-11 21:27:14.873473] [info] SELECT * FROM users WHERE uid = :userId
[2018-04-11 21:27:14.880477] [info] SELECT * FROM users WHERE uid = :userId
[2018-04-11 21:27:14.889153] [info] SELECT * FROM users WHERE uid = :userId
[2018-04-11 21:27:14.896445] [info] SELECT * FROM users WHERE uid = :userId
[2018-04-11 21:27:14.904349] [info] SELECT * FROM users WHERE uid = :userId
[2018-04-11 21:27:14.911268] [info] SELECT * FROM users WHERE uid = :userId
[2018-04-11 21:27:14.928865] [info] SELECT * FROM users WHERE uid = :userId
[2018-04-11 21:27:14.938728] [info] SELECT * FROM notifications WHERE user_id = :userId ORDER BY date_added DESC
[2018-04-11 21:27:14.960225] [info] SELECT * FROM users WHERE uid = :userId
[2018-04-11 21:27:20.776370] [info] SELECT * FROM users WHERE is_active = 1 ORDER BY fname ASC
[2018-04-11 21:27:20.786963] [info] SELECT * FROM users WHERE uid = :userId
[2018-04-11 21:27:20.793699] [info] SELECT * FROM users WHERE uid = :userId
[2018-04-11 21:27:20.800441] [info] SELECT * FROM users WHERE uid = :userId
[2018-04-11 21:27:20.808522] [info] SELECT * FROM users WHERE uid = :userId
[2018-04-11 21:27:20.815289] [info] SELECT * FROM users WHERE uid = :userId
[2018-04-11 21:27:20.822947] [info] SELECT * FROM users WHERE uid = :userId
[2018-04-11 21:27:20.829622] [info] SELECT * FROM users WHERE uid = :userId
[2018-04-11 21:27:20.849821] [info] SELECT * FROM users WHERE is_active = 1 ORDER BY fname ASC
[2018-04-11 21:27:20.865154] [info] SELECT * FROM users WHERE uid = :userId
[2018-04-11 21:27:20.874587] [info] SELECT * FROM users WHERE uid = :userId
[2018-04-11 21:27:20.881609] [info] SELECT * FROM users WHERE uid = :userId
[2018-04-11 21:27:20.890425] [info] SELECT * FROM users WHERE uid = :userId
[2018-04-11 21:27:20.897574] [info] SELECT * FROM users WHERE uid = :userId
[2018-04-11 21:27:20.905705] [info] SELECT * FROM users WHERE uid = :userId
[2018-04-11 21:27:20.912820] [info] SELECT * FROM users WHERE uid = :userId
[2018-04-11 21:27:20.931629] [info] SELECT * FROM users WHERE uid = :userId
[2018-04-11 21:27:20.942425] [info] SELECT * FROM notifications WHERE user_id = :userId ORDER BY date_added DESC
[2018-04-11 21:27:20.964514] [info] SELECT * FROM users WHERE uid = :userId
[2018-04-11 21:27:27.108659] [info] SELECT * FROM users WHERE is_active = 1 ORDER BY fname ASC
[2018-04-11 21:27:27.120153] [info] SELECT * FROM users WHERE uid = :userId
[2018-04-11 21:27:27.128444] [info] SELECT * FROM users WHERE uid = :userId
[2018-04-11 21:27:27.136593] [info] SELECT * FROM users WHERE uid = :userId
[2018-04-11 21:27:27.143748] [info] SELECT * FROM users WHERE uid = :userId
[2018-04-11 21:27:27.150785] [info] SELECT * FROM users WHERE uid = :userId
[2018-04-11 21:27:27.158715] [info] SELECT * FROM users WHERE uid = :userId
[2018-04-11 21:27:27.166327] [info] SELECT * FROM users WHERE uid = :userId
[2018-04-11 21:27:27.174407] [info] SELECT * FROM users WHERE uid = :userId
[2018-04-11 21:27:27.181257] [info] SELECT * FROM users WHERE uid = :userId
[2018-04-11 21:27:27.200978] [info] SELECT * FROM groups WHERE group_id = :groupId
[2018-04-11 21:27:27.213682] [info] SELECT * FROM page WHERE url = :url
[2018-04-11 21:27:27.262535] [info] SELECT * FROM comments WHERE com_id = :commentId
[2018-04-11 21:27:27.272855] [info] SELECT * FROM post_tag WHERE post_id = :postId
[2018-04-11 21:27:27.281241] [info] SELECT * FROM post_tag WHERE post_id = :postId
[2018-04-11 21:27:27.291976] [info] SELECT * FROM uploads WHERE upload_id = :uploadId
[2018-04-11 21:27:27.298758] [info] SELECT * FROM uploads WHERE upload_id = :uploadId
[2018-04-11 21:27:27.306588] [info] SELECT * FROM uploads WHERE upload_id = :uploadId
[2018-04-11 21:27:27.313492] [info] SELECT * FROM uploads WHERE upload_id = :uploadId
[2018-04-11 21:27:27.314769] [info] SELECT * FROM post_tag WHERE post_id = :postId
[2018-04-11 21:27:27.324048] [info] SELECT * FROM post_tag WHERE post_id = :postId
[2018-04-11 21:27:27.333201] [info] SELECT * FROM comments WHERE com_id = :commentId
[2018-04-11 21:27:27.342581] [info] SELECT * FROM post_tag WHERE post_id = :postId
[2018-04-11 21:27:27.352107] [info] SELECT * FROM uploads WHERE upload_id = :uploadId
[2018-04-11 21:27:27.358769] [info] SELECT * FROM uploads WHERE upload_id = :uploadId
[2018-04-11 21:27:27.365525] [info] SELECT * FROM uploads WHERE upload_id = :uploadId
[2018-04-11 21:27:27.373404] [info] SELECT * FROM uploads WHERE upload_id = :uploadId
[2018-04-11 21:27:27.380430] [info] SELECT * FROM uploads WHERE upload_id = :uploadId
[2018-04-11 21:27:27.389996] [info] SELECT * FROM uploads WHERE upload_id = :uploadId
[2018-04-11 21:27:27.396800] [info] SELECT * FROM uploads WHERE upload_id = :uploadId
[2018-04-11 21:27:27.398020] [info] SELECT * FROM post_tag WHERE post_id = :postId
[2018-04-11 21:27:27.426201] [info] SELECT * FROM comments WHERE com_id = :commentId
[2018-04-11 21:27:27.435198] [info] SELECT * FROM post_tag WHERE post_id = :postId
[2018-04-11 21:27:27.444027] [info] SELECT * FROM uploads WHERE upload_id = :uploadId
[2018-04-11 21:27:27.451795] [info] SELECT * FROM uploads WHERE upload_id = :uploadId
[2018-04-11 21:27:27.458662] [info] SELECT * FROM uploads WHERE upload_id = :uploadId
[2018-04-11 21:27:27.465140] [info] SELECT * FROM uploads WHERE upload_id = :uploadId
[2018-04-11 21:27:27.466589] [info] SELECT * FROM post_tag WHERE post_id = :postId
[2018-04-11 21:27:27.474891] [info] SELECT * FROM post_tag WHERE post_id = :postId
[2018-04-11 21:27:27.484462] [info] SELECT * FROM comments WHERE com_id = :commentId
[2018-04-11 21:27:27.486112] [info] SELECT * FROM post_tag WHERE post_id = :postId
[2018-04-11 21:27:27.494854] [info] SELECT * FROM post_tag WHERE post_id = :postId
[2018-04-11 21:27:27.521457] [info] SELECT * FROM comments WHERE com_id = :commentId
[2018-04-11 21:27:27.530786] [info] SELECT * FROM users WHERE uid = :userId
[2018-04-11 21:27:27.538995] [info] SELECT * FROM users WHERE uid = :userId
[2018-04-11 21:27:27.539628] [info] SELECT * FROM post_tag WHERE post_id = :postId
[2018-04-11 21:27:27.548574] [info] SELECT * FROM comments WHERE com_id = :commentId
[2018-04-11 21:27:27.555882] [info] SELECT * FROM users WHERE uid = :userId
[2018-04-11 21:27:27.563682] [info] SELECT * FROM comments WHERE com_id = :commentId
[2018-04-11 21:27:27.571964] [info] SELECT * FROM comments WHERE com_id = :commentId
[2018-04-11 21:27:27.579380] [info] SELECT * FROM comments WHERE com_id = :commentId
[2018-04-11 21:27:27.587367] [info] SELECT * FROM users WHERE uid = :userId
[2018-04-11 21:27:27.594752] [info] SELECT * FROM comments WHERE com_id = :commentId
[2018-04-11 21:27:27.602866] [info] SELECT * FROM comments WHERE com_id = :commentId
[2018-04-11 21:27:27.610373] [info] SELECT * FROM comments WHERE com_id = :commentId
[2018-04-11 21:27:27.618808] [info] SELECT * FROM comments WHERE com_id = :commentId
[2018-04-11 21:27:27.626327] [info] SELECT * FROM comments WHERE com_id = :commentId
[2018-04-11 21:27:27.634841] [info] SELECT * FROM comments WHERE com_id = :commentId
[2018-04-11 21:27:27.642460] [info] SELECT * FROM comments WHERE com_id = :commentId
[2018-04-11 21:27:27.650672] [info] SELECT * FROM comments WHERE com_id = :commentId
[2018-04-11 21:27:27.658360] [info] SELECT * FROM comments WHERE com_id = :commentId
[2018-04-11 21:27:27.666165] [info] SELECT * FROM comments WHERE com_id = :commentId
[2018-04-11 21:27:27.673544] [info] SELECT * FROM comments WHERE com_id = :commentId
[2018-04-11 21:27:27.681044] [info] SELECT * FROM comments WHERE com_id = :commentId
[2018-04-11 21:27:27.683063] [info] SELECT * FROM post_tag WHERE post_id = :postId
[2018-04-11 21:27:27.691612] [info] SELECT * FROM page WHERE url = :url
[2018-04-11 21:27:27.698657] [info] SELECT * FROM page WHERE url = :url
[2018-04-11 21:27:27.708580] [info] SELECT * FROM advert ORDER BY title ASC
[2018-04-11 21:27:27.717067] [info] SELECT * FROM advert WHERE id = :id
[2018-04-11 21:27:27.717742] [info] SELECT * FROM advert_banner WHERE advert_id = :advertId ORDER BY id ASC
[2018-04-11 21:27:27.725578] [info] SELECT * FROM advert_banner WHERE id = :id
[2018-04-11 21:27:27.732774] [info] SELECT * FROM advert_banner WHERE id = :id
[2018-04-11 21:27:27.739619] [info] SELECT * FROM advert_banner WHERE id = :id
[2018-04-11 21:27:27.746545] [info] SELECT * FROM advert_banner WHERE id = :id
[2018-04-11 21:27:27.756680] [info] SELECT * FROM advert_banner WHERE id = :id
[2018-04-11 21:27:27.767014] [info] SELECT * FROM advert_banner WHERE id = :id
[2018-04-11 21:27:27.784444] [info] SELECT * FROM advert_banner WHERE id = :id
[2018-04-11 21:27:27.790976] [info] SELECT * FROM advert_banner WHERE id = :id
[2018-04-11 21:27:27.904032] [info] SELECT * FROM users WHERE is_active = 1 ORDER BY fname ASC
[2018-04-11 21:27:27.929606] [info] SELECT * FROM users WHERE uid = :userId
[2018-04-11 21:27:27.945475] [info] SELECT * FROM users WHERE uid = :userId
[2018-04-11 21:27:27.957895] [info] SELECT * FROM users WHERE uid = :userId
[2018-04-11 21:27:27.969290] [info] SELECT * FROM users WHERE uid = :userId
[2018-04-11 21:27:27.981189] [info] SELECT * FROM users WHERE uid = :userId
[2018-04-11 21:27:27.991477] [info] SELECT * FROM users WHERE uid = :userId
[2018-04-11 21:27:28.002852] [info] SELECT * FROM users WHERE uid = :userId
[2018-04-11 21:27:28.027029] [info] SELECT * FROM users WHERE is_active = 1 ORDER BY fname ASC
[2018-04-11 21:27:28.041949] [info] SELECT * FROM users WHERE uid = :userId
[2018-04-11 21:27:28.057450] [info] SELECT * FROM users WHERE uid = :userId
[2018-04-11 21:27:28.068814] [info] SELECT * FROM users WHERE uid = :userId
[2018-04-11 21:27:28.076951] [info] SELECT * FROM users WHERE uid = :userId
[2018-04-11 21:27:28.089859] [info] SELECT * FROM users WHERE uid = :userId
[2018-04-11 21:27:28.102854] [info] SELECT * FROM users WHERE uid = :userId
[2018-04-11 21:27:28.116777] [info] SELECT * FROM users WHERE uid = :userId
[2018-04-11 21:27:28.139705] [info] SELECT * FROM users WHERE uid = :userId
[2018-04-11 21:27:28.153614] [info] SELECT * FROM notifications WHERE user_id = :userId ORDER BY date_added DESC
[2018-04-11 21:27:28.179289] [info] SELECT * FROM users WHERE uid = :userId
[2018-04-11 21:27:28.820116] [info] SELECT * FROM users WHERE uid = :userId
[2018-04-11 21:27:28.839498] [info] SELECT * FROM groups WHERE group_id = :groupId
[2018-04-11 21:27:28.887579] [info] SELECT * FROM groups WHERE group_id = :groupId
[2018-04-11 21:27:28.945583] [info] SELECT * FROM users WHERE is_active = 1 ORDER BY fname ASC
[2018-04-11 21:27:28.987030] [info] SELECT * FROM users WHERE uid = :userId
[2018-04-11 21:27:29.036796] [info] SELECT * FROM users WHERE uid = :userId
[2018-04-11 21:27:29.144083] [info] SELECT * FROM users WHERE uid = :userId
[2018-04-11 21:27:29.197999] [info] SELECT * FROM users WHERE uid = :userId
[2018-04-11 21:27:29.247045] [info] SELECT * FROM users WHERE uid = :userId
[2018-04-11 21:27:29.287352] [info] SELECT * FROM users WHERE uid = :userId
[2018-04-11 21:27:29.318011] [info] SELECT * FROM users WHERE uid = :userId
[2018-04-11 21:27:32.815766] [info] SELECT * FROM users WHERE is_active = 1 ORDER BY fname ASC
[2018-04-11 21:27:32.835912] [info] SELECT * FROM users WHERE uid = :userId
[2018-04-11 21:27:32.845817] [info] SELECT * FROM users WHERE uid = :userId
[2018-04-11 21:27:32.853096] [info] SELECT * FROM users WHERE uid = :userId
[2018-04-11 21:27:32.861201] [info] SELECT * FROM users WHERE uid = :userId
[2018-04-11 21:27:32.868174] [info] SELECT * FROM users WHERE uid = :userId
[2018-04-11 21:27:32.875736] [info] SELECT * FROM users WHERE uid = :userId
[2018-04-11 21:27:32.883178] [info] SELECT * FROM users WHERE uid = :userId
[2018-04-11 21:27:32.906218] [info] SELECT * FROM users WHERE is_active = 1 ORDER BY fname ASC
[2018-04-11 21:27:32.924527] [info] SELECT * FROM users WHERE uid = :userId
[2018-04-11 21:27:32.931870] [info] SELECT * FROM users WHERE uid = :userId
[2018-04-11 21:27:32.939227] [info] SELECT * FROM users WHERE uid = :userId
[2018-04-11 21:27:32.945785] [info] SELECT * FROM users WHERE uid = :userId
[2018-04-11 21:27:32.952615] [info] SELECT * FROM users WHERE uid = :userId
[2018-04-11 21:27:32.960704] [info] SELECT * FROM users WHERE uid = :userId
[2018-04-11 21:27:32.967298] [info] SELECT * FROM users WHERE uid = :userId
[2018-04-11 21:27:32.984070] [info] SELECT * FROM users WHERE uid = :userId
[2018-04-11 21:27:32.993763] [info] SELECT * FROM notifications WHERE user_id = :userId ORDER BY date_added DESC
[2018-04-11 21:27:33.096786] [info] SELECT * FROM users WHERE uid = :userId
[2018-04-11 21:27:33.867780] [info] SELECT * FROM users WHERE uid = :userId
[2018-04-11 21:27:33.868639] [info] SELECT * FROM event_member WHERE user_id = :userId AND event_id = :eventId
[2018-04-11 21:27:34.667915] [info] SELECT * FROM users WHERE uid = :userId
[2018-04-11 21:27:34.668761] [info] SELECT * FROM event_member WHERE user_id = :userId AND event_id = :eventId
[2018-04-11 21:28:27.287065] [info] SELECT * FROM users WHERE uid = :userId
[2018-04-11 21:28:27.287854] [info] SELECT * FROM event_member WHERE user_id = :userId AND event_id = :eventId
[2018-04-11 21:29:57.725037] [info] SELECT * FROM users WHERE uid = :userId
[2018-04-11 21:29:57.725969] [info] SELECT * FROM event_member WHERE user_id = :userId AND event_id = :eventId
[2018-04-11 21:30:12.793695] [info] SELECT * FROM users WHERE uid = :userId
[2018-04-11 21:30:12.794470] [info] SELECT * FROM event_member WHERE user_id = :userId AND event_id = :eventId
[2018-04-11 21:31:04.204610] [info] SELECT * FROM users WHERE uid = :userId
[2018-04-11 21:31:04.205488] [info] SELECT * FROM event_member WHERE user_id = :userId AND event_id = :eventId
[2018-04-11 21:31:29.852044] [info] SELECT * FROM users WHERE uid = :userId
[2018-04-11 21:31:29.852816] [info] SELECT * FROM event_member WHERE user_id = :userId AND event_id = :eventId
[2018-04-11 21:31:50.977391] [info] SELECT * FROM users WHERE uid = :userId
[2018-04-11 21:31:50.978945] [info] SELECT * FROM event_member WHERE user_id = :userId AND event_id = :eventId
[2018-04-11 21:34:17.236792] [info] SELECT * FROM users WHERE uid = :userId
[2018-04-11 21:34:17.237920] [info] SELECT * FROM event_member WHERE user_id = :userId AND event_id = :eventId
[2018-04-11 21:34:33.943708] [info] SELECT * FROM users WHERE uid = :userId
[2018-04-11 21:34:33.944505] [info] SELECT * FROM event_member WHERE user_id = :userId AND event_id = :eventId
[2018-04-11 21:34:54.365915] [info] SELECT * FROM users WHERE uid = :userId
[2018-04-11 21:34:54.366738] [info] SELECT * FROM event_member WHERE user_id = :userId AND event_id = :eventId
[2018-04-11 21:34:58.862267] [info] SELECT * FROM users WHERE uid = :userId
[2018-04-11 21:34:58.863023] [info] SELECT * FROM event_member WHERE user_id = :userId AND event_id = :eventId
[2018-04-11 21:36:56.152312] [info] SELECT * FROM users WHERE uid = :userId
[2018-04-11 21:36:56.153132] [info] SELECT * FROM event_member WHERE user_id = :userId AND event_id = :eventId
[2018-04-11 21:37:13.451565] [info] SELECT * FROM users WHERE uid = :userId
[2018-04-11 21:37:13.452363] [info] SELECT * FROM event_member WHERE user_id = :userId AND event_id = :eventId
[2018-04-11 21:37:29.248859] [info] SELECT * FROM users WHERE uid = :userId
[2018-04-11 21:37:29.249638] [info] SELECT * FROM event_member WHERE user_id = :userId AND event_id = :eventId
[2018-04-11 21:37:55.348428] [info] SELECT * FROM users WHERE uid = :userId
[2018-04-11 21:37:55.351284] [info] SELECT * FROM event_member WHERE user_id = :userId AND event_id = :eventId
[2018-04-11 21:37:58.384907] [info] SELECT * FROM users WHERE uid = :userId
[2018-04-11 21:37:58.385809] [info] SELECT * FROM event_member WHERE user_id = :userId AND event_id = :eventId
[2018-04-11 21:38:09.894696] [info] SELECT * FROM users WHERE uid = :userId
[2018-04-11 21:38:09.895936] [info] SELECT * FROM event_member WHERE user_id = :userId AND event_id = :eventId
